2025-05-07 13:53:59.026: [INFO] VisibilityChanged: 0
2025-05-07 13:53:59.058: [INFO] RecordSyncInitDuration has_sync_been_enabled: 0 state: 0
2025-05-07 13:53:59.059: [INFO] RecordSyncInitDuration has_sync_been_enabled: 0 state: 0
2025-05-07 13:53:59.059: [INFO] RecordSyncInitDuration has_sync_been_enabled: 0 state: 0
2025-05-07 13:53:59.060: [INFO] RecordSyncInitDuration has_sync_been_enabled: 0 state: 0
2025-05-07 13:53:59.060: [INFO] RecordSyncInitDuration has_sync_been_enabled: 0 state: 0
2025-05-07 13:53:59.060: [INFO] RecordSyncInitDuration has_sync_been_enabled: 0 state: 0
2025-05-07 13:53:59.061: [INFO] RecordSyncInitDuration has_sync_been_enabled: 0 state: 0
2025-05-07 13:53:59.061: [INFO] RecordSyncInitDuration has_sync_been_enabled: 0 state: 0
2025-05-07 13:53:59.061: [INFO] RecordSyncInitDuration has_sync_been_enabled: 0 state: 0
2025-05-07 13:53:59.062: [INFO] RecordSyncInitDuration has_sync_been_enabled: 0 state: 0
2025-05-07 13:53:59.062: [INFO] RecordSyncInitDuration has_sync_been_enabled: 0 state: 0
2025-05-07 13:53:59.070: [INFO] BookmarkModelLoaded, ids_reassigned: 0
2025-05-07 13:53:59.070: [INFO] OnDoneLoading sync enabled: 0
2025-05-07 13:53:59.102: [INFO] RecordSyncInitDuration has_sync_been_enabled: 0 state: 0
2025-05-07 13:53:59.151: [INFO] RecordSyncInitDuration has_sync_been_enabled: 0 state: 3
2025-05-07 13:53:59.156: [INFO] Primary account changed.
2025-05-07 13:53:59.156: [INFO] OnPrimaryAccountChanged PrimaryAccountChangeEvent::Type::kSet
2025-05-07 13:53:59.158: [INFO] RecordSyncInitDuration has_sync_been_enabled: 0 state: 3
2025-05-07 13:53:59.269: [INFO] RecordSyncInitDuration has_sync_been_enabled: 0 state: 3
2025-05-07 13:54:01.935: [INFO] VisibilityChanged: 1
2025-05-07 13:54:05.029: [INFO] BookmarkNodeAdded, ABU: 0
2025-05-07 13:54:05.030: [INFO] BookmarkNodeAdded, ABU: 0
2025-05-07 13:54:05.030: [INFO] BookmarkNodeAdded, ABU: 0
2025-05-07 13:54:05.030: [INFO] BookmarkNodeAdded, ABU: 0
2025-05-07 13:54:05.030: [INFO] BookmarkNodeAdded, ABU: 0
2025-05-07 13:54:05.030: [INFO] BookmarkNodeAdded, ABU: 0
2025-05-07 13:54:05.030: [INFO] BookmarkNodeAdded, ABU: 0
2025-05-07 13:54:05.030: [INFO] BookmarkNodeAdded, ABU: 0
2025-05-07 13:54:05.030: [INFO] BookmarkNodeAdded, ABU: 0
2025-05-07 13:54:05.030: [INFO] BookmarkNodeAdded, ABU: 0
2025-05-07 13:54:05.030: [INFO] BookmarkNodeAdded, ABU: 0
2025-05-07 13:54:05.030: [INFO] BookmarkNodeAdded, ABU: 0
2025-05-07 13:54:05.030: [INFO] BookmarkNodeAdded, ABU: 0
2025-05-07 13:54:05.030: [INFO] BookmarkNodeAdded, ABU: 0
2025-05-07 13:54:05.031: [INFO] BookmarkNodeAdded, ABU: 0
2025-05-07 13:54:05.031: [INFO] BookmarkNodeAdded, ABU: 0
2025-05-07 13:54:05.031: [INFO] BookmarkNodeAdded, ABU: 0
2025-05-07 13:54:05.031: [INFO] BookmarkNodeAdded, ABU: 0
2025-05-07 13:54:05.031: [INFO] BookmarkNodeAdded, ABU: 0
2025-05-07 13:54:05.031: [INFO] BookmarkNodeAdded, ABU: 0
2025-05-07 13:54:05.031: [INFO] BookmarkNodeAdded, ABU: 0
2025-05-07 13:54:05.031: [INFO] BookmarkNodeAdded, ABU: 0
2025-05-07 13:54:05.031: [INFO] BookmarkNodeAdded, ABU: 0
2025-05-07 13:54:05.031: [INFO] BookmarkNodeAdded, ABU: 0
2025-05-07 13:54:05.031: [INFO] BookmarkNodeAdded, ABU: 0
2025-05-07 13:54:05.032: [INFO] BookmarkNodeAdded, ABU: 0
2025-05-07 13:54:05.032: [INFO] BookmarkNodeAdded, ABU: 0
2025-05-07 13:54:05.032: [INFO] BookmarkNodeAdded, ABU: 0
2025-05-07 13:54:05.032: [INFO] BookmarkNodeAdded, ABU: 0
2025-05-07 13:54:05.032: [INFO] BookmarkNodeAdded, ABU: 0
2025-05-07 13:54:05.032: [INFO] BookmarkNodeAdded, ABU: 0
2025-05-07 13:54:05.032: [INFO] BookmarkNodeAdded, ABU: 0
2025-05-07 13:54:05.032: [INFO] BookmarkNodeAdded, ABU: 0
2025-05-07 13:54:05.032: [INFO] BookmarkNodeAdded, ABU: 0
2025-05-07 13:54:05.033: [INFO] BookmarkNodeAdded, ABU: 0
2025-05-07 13:54:05.040: [INFO] BookmarkNodeAdded, ABU: 0
2025-05-07 13:54:05.040: [INFO] BookmarkNodeAdded, ABU: 0
2025-05-07 13:54:05.041: [INFO] BookmarkNodeAdded, ABU: 0
2025-05-07 13:54:05.041: [INFO] BookmarkNodeAdded, ABU: 0
2025-05-07 13:54:05.043: [INFO] BookmarkNodeAdded, ABU: 0
2025-05-07 13:54:05.043: [INFO] BookmarkNodeAdded, ABU: 0
2025-05-07 13:54:05.043: [INFO] BookmarkNodeAdded, ABU: 0
2025-05-07 13:54:05.043: [INFO] BookmarkNodeAdded, ABU: 0
2025-05-07 13:54:05.043: [INFO] BookmarkNodeAdded, ABU: 0
2025-05-07 13:54:05.043: [INFO] BookmarkNodeAdded, ABU: 0
2025-05-07 13:54:05.043: [INFO] BookmarkNodeAdded, ABU: 0
2025-05-07 13:54:05.043: [INFO] BookmarkNodeAdded, ABU: 0
2025-05-07 13:54:05.043: [INFO] BookmarkNodeAdded, ABU: 0
2025-05-07 13:54:05.043: [INFO] BookmarkNodeAdded, ABU: 0
2025-05-07 13:54:05.043: [INFO] BookmarkNodeAdded, ABU: 0
2025-05-07 13:54:05.043: [INFO] BookmarkNodeAdded, ABU: 0
2025-05-07 13:54:05.043: [INFO] BookmarkNodeAdded, ABU: 0
2025-05-07 13:54:05.043: [INFO] BookmarkNodeAdded, ABU: 0
2025-05-07 13:54:05.043: [INFO] BookmarkNodeAdded, ABU: 0
2025-05-07 13:54:05.044: [INFO] BookmarkNodeAdded, ABU: 0
2025-05-07 13:54:05.044: [INFO] BookmarkNodeAdded, ABU: 0
2025-05-07 13:54:05.044: [INFO] BookmarkNodeAdded, ABU: 0
2025-05-07 13:54:05.044: [INFO] BookmarkNodeAdded, ABU: 0
2025-05-07 13:54:05.044: [INFO] BookmarkNodeAdded, ABU: 0
2025-05-07 13:54:05.044: [INFO] BookmarkNodeAdded, ABU: 0
2025-05-07 13:54:05.044: [INFO] BookmarkNodeAdded, ABU: 0
2025-05-07 13:54:05.044: [INFO] BookmarkNodeAdded, ABU: 0
2025-05-07 13:54:05.044: [INFO] BookmarkNodeAdded, ABU: 0
2025-05-07 13:54:05.044: [INFO] BookmarkNodeAdded, ABU: 0
2025-05-07 13:54:05.044: [INFO] BookmarkNodeAdded, ABU: 0
2025-05-07 13:54:05.044: [INFO] BookmarkNodeAdded, ABU: 0
2025-05-07 13:54:05.044: [INFO] BookmarkNodeAdded, ABU: 0
2025-05-07 13:54:05.044: [INFO] BookmarkNodeAdded, ABU: 0
2025-05-07 13:54:05.044: [INFO] BookmarkNodeAdded, ABU: 0
2025-05-07 13:54:05.044: [INFO] BookmarkNodeAdded, ABU: 0
2025-05-07 13:54:05.045: [INFO] BookmarkNodeAdded, ABU: 0
2025-05-07 13:54:05.046: [INFO] BookmarkNodeAdded, ABU: 0
2025-05-07 13:54:05.046: [INFO] BookmarkNodeAdded, ABU: 0
2025-05-07 13:54:05.046: [INFO] BookmarkNodeAdded, ABU: 0
2025-05-07 13:54:05.046: [INFO] BookmarkNodeAdded, ABU: 0
2025-05-07 13:54:05.046: [INFO] BookmarkNodeAdded, ABU: 0
2025-05-07 13:54:05.046: [INFO] BookmarkNodeAdded, ABU: 0
2025-05-07 13:54:05.046: [INFO] BookmarkNodeAdded, ABU: 0
2025-05-07 13:54:05.046: [INFO] BookmarkNodeAdded, ABU: 0
2025-05-07 13:54:05.046: [INFO] BookmarkNodeAdded, ABU: 0
2025-05-07 13:54:05.047: [INFO] BookmarkNodeAdded, ABU: 0
2025-05-07 13:54:05.047: [INFO] BookmarkNodeAdded, ABU: 0
2025-05-07 13:54:05.047: [INFO] BookmarkNodeAdded, ABU: 0
2025-05-07 13:54:05.047: [INFO] BookmarkNodeAdded, ABU: 0
2025-05-07 13:54:05.047: [INFO] BookmarkNodeAdded, ABU: 0
2025-05-07 13:54:05.047: [INFO] BookmarkNodeAdded, ABU: 0
2025-05-07 13:54:05.047: [INFO] BookmarkNodeAdded, ABU: 0
2025-05-07 13:54:05.047: [INFO] BookmarkNodeAdded, ABU: 0
2025-05-07 13:54:05.047: [INFO] BookmarkNodeAdded, ABU: 0
2025-05-07 13:54:05.047: [INFO] BookmarkNodeAdded, ABU: 0
2025-05-07 13:54:05.048: [INFO] BookmarkNodeAdded, ABU: 0
2025-05-07 13:54:05.048: [INFO] BookmarkNodeAdded, ABU: 0
2025-05-07 13:54:05.048: [INFO] BookmarkNodeAdded, ABU: 0
2025-05-07 13:54:05.048: [INFO] BookmarkNodeAdded, ABU: 0
2025-05-07 13:54:05.048: [INFO] BookmarkNodeAdded, ABU: 0
2025-05-07 13:54:05.048: [INFO] BookmarkNodeAdded, ABU: 0
2025-05-07 13:54:05.048: [INFO] BookmarkNodeAdded, ABU: 0
2025-05-07 13:54:05.048: [INFO] BookmarkNodeAdded, ABU: 0
2025-05-07 13:54:05.048: [INFO] BookmarkNodeAdded, ABU: 0
2025-05-07 13:54:05.048: [INFO] BookmarkNodeAdded, ABU: 0
2025-05-07 13:54:05.048: [INFO] BookmarkNodeAdded, ABU: 0
2025-05-07 13:54:05.048: [INFO] BookmarkNodeAdded, ABU: 0
2025-05-07 13:54:05.048: [INFO] BookmarkNodeAdded, ABU: 0
2025-05-07 13:54:05.048: [INFO] BookmarkNodeAdded, ABU: 0
2025-05-07 13:54:05.049: [INFO] BookmarkNodeAdded, ABU: 0
2025-05-07 13:54:05.049: [INFO] BookmarkNodeAdded, ABU: 0
2025-05-07 13:54:05.049: [INFO] BookmarkNodeAdded, ABU: 0
2025-05-07 13:54:05.049: [INFO] BookmarkNodeAdded, ABU: 0
2025-05-07 13:54:05.049: [INFO] BookmarkNodeAdded, ABU: 0
2025-05-07 13:54:05.049: [INFO] BookmarkNodeAdded, ABU: 0
2025-05-07 13:54:05.049: [INFO] BookmarkNodeAdded, ABU: 0
2025-05-07 13:54:05.049: [INFO] BookmarkNodeAdded, ABU: 0
2025-05-07 13:54:05.049: [INFO] BookmarkNodeAdded, ABU: 0
2025-05-07 13:54:05.049: [INFO] BookmarkNodeAdded, ABU: 0
2025-05-07 13:54:05.050: [INFO] BookmarkNodeAdded, ABU: 0
2025-05-07 13:54:05.050: [INFO] BookmarkNodeAdded, ABU: 0
2025-05-07 13:54:05.050: [INFO] BookmarkNodeAdded, ABU: 0
2025-05-07 13:54:05.050: [INFO] BookmarkNodeAdded, ABU: 0
2025-05-07 13:54:05.051: [INFO] BookmarkNodeAdded, ABU: 0
2025-05-07 13:54:05.051: [INFO] BookmarkNodeAdded, ABU: 0
2025-05-07 13:54:05.051: [INFO] BookmarkNodeAdded, ABU: 0
2025-05-07 13:54:05.051: [INFO] BookmarkNodeAdded, ABU: 0
2025-05-07 13:54:05.051: [INFO] BookmarkNodeAdded, ABU: 0
2025-05-07 13:54:05.052: [INFO] BookmarkNodeAdded, ABU: 0
2025-05-07 13:54:05.052: [INFO] BookmarkNodeAdded, ABU: 0
2025-05-07 13:54:05.052: [INFO] BookmarkNodeAdded, ABU: 0
2025-05-07 13:54:05.052: [INFO] BookmarkNodeAdded, ABU: 0
2025-05-07 13:54:05.052: [INFO] BookmarkNodeAdded, ABU: 0
2025-05-07 13:54:05.052: [INFO] BookmarkNodeAdded, ABU: 0
2025-05-07 13:54:05.052: [INFO] BookmarkNodeAdded, ABU: 0
2025-05-07 13:54:05.053: [INFO] BookmarkNodeAdded, ABU: 0
2025-05-07 13:54:05.053: [INFO] BookmarkNodeAdded, ABU: 0
2025-05-07 13:54:05.053: [INFO] BookmarkNodeAdded, ABU: 0
2025-05-07 13:54:05.053: [INFO] BookmarkNodeAdded, ABU: 0
2025-05-07 13:54:05.053: [INFO] BookmarkNodeAdded, ABU: 0
2025-05-07 13:54:05.053: [INFO] BookmarkNodeAdded, ABU: 0
2025-05-07 13:54:05.053: [INFO] BookmarkNodeAdded, ABU: 0
2025-05-07 13:54:05.053: [INFO] BookmarkNodeAdded, ABU: 0
2025-05-07 13:54:05.053: [INFO] BookmarkNodeAdded, ABU: 0
2025-05-07 13:54:05.053: [INFO] BookmarkNodeAdded, ABU: 0
2025-05-07 13:54:05.054: [INFO] BookmarkNodeAdded, ABU: 0
2025-05-07 13:54:05.054: [INFO] BookmarkNodeAdded, ABU: 0
2025-05-07 13:54:05.054: [INFO] BookmarkNodeAdded, ABU: 0
2025-05-07 13:54:05.054: [INFO] BookmarkNodeAdded, ABU: 0
2025-05-07 13:54:05.054: [INFO] BookmarkNodeAdded, ABU: 0
2025-05-07 13:54:05.054: [INFO] BookmarkNodeAdded, ABU: 0
2025-05-07 13:54:05.054: [INFO] BookmarkNodeAdded, ABU: 0
2025-05-07 13:54:05.054: [INFO] BookmarkNodeAdded, ABU: 0
2025-05-07 13:54:05.054: [INFO] BookmarkNodeAdded, ABU: 0
2025-05-07 13:54:05.054: [INFO] BookmarkNodeAdded, ABU: 0
2025-05-07 13:54:05.054: [INFO] BookmarkNodeAdded, ABU: 0
2025-05-07 13:54:05.054: [INFO] BookmarkNodeAdded, ABU: 0
2025-05-07 13:54:05.054: [INFO] BookmarkNodeAdded, ABU: 0
2025-05-07 13:54:05.054: [INFO] BookmarkNodeAdded, ABU: 0
2025-05-07 13:54:05.055: [INFO] BookmarkNodeAdded, ABU: 0
2025-05-07 13:54:05.055: [INFO] BookmarkNodeAdded, ABU: 0
2025-05-07 13:54:05.055: [INFO] BookmarkNodeAdded, ABU: 0
2025-05-07 13:54:05.055: [INFO] BookmarkNodeAdded, ABU: 0
2025-05-07 13:54:05.055: [INFO] BookmarkNodeAdded, ABU: 0
2025-05-07 13:54:05.055: [INFO] BookmarkNodeAdded, ABU: 0
2025-05-07 13:54:05.055: [INFO] BookmarkNodeAdded, ABU: 0
2025-05-07 13:54:05.055: [INFO] BookmarkNodeAdded, ABU: 0
2025-05-07 13:54:05.055: [INFO] BookmarkNodeAdded, ABU: 0
2025-05-07 13:54:05.055: [INFO] BookmarkNodeAdded, ABU: 0
2025-05-07 13:54:05.055: [INFO] BookmarkNodeAdded, ABU: 0
2025-05-07 13:54:05.055: [INFO] BookmarkNodeAdded, ABU: 0
2025-05-07 13:54:05.055: [INFO] BookmarkNodeAdded, ABU: 0
2025-05-07 13:54:05.055: [INFO] BookmarkNodeAdded, ABU: 0
2025-05-07 13:54:05.055: [INFO] BookmarkNodeAdded, ABU: 0
2025-05-07 13:54:05.055: [INFO] BookmarkNodeAdded, ABU: 0
2025-05-07 13:54:05.055: [INFO] BookmarkNodeAdded, ABU: 0
2025-05-07 13:54:05.056: [INFO] BookmarkNodeAdded, ABU: 0
2025-05-07 13:54:05.056: [INFO] BookmarkNodeAdded, ABU: 0
2025-05-07 13:54:05.056: [INFO] BookmarkNodeAdded, ABU: 0
2025-05-07 13:54:05.056: [INFO] BookmarkNodeAdded, ABU: 0
2025-05-07 13:54:05.056: [INFO] BookmarkNodeAdded, ABU: 0
2025-05-07 13:54:05.056: [INFO] BookmarkNodeAdded, ABU: 0
2025-05-07 13:54:05.056: [INFO] BookmarkNodeAdded, ABU: 0
2025-05-07 13:54:05.056: [INFO] BookmarkNodeAdded, ABU: 0
2025-05-07 13:54:05.056: [INFO] BookmarkNodeAdded, ABU: 0
2025-05-07 13:54:05.056: [INFO] BookmarkNodeAdded, ABU: 0
2025-05-07 13:54:05.056: [INFO] BookmarkNodeAdded, ABU: 0
2025-05-07 13:54:05.056: [INFO] BookmarkNodeAdded, ABU: 0
2025-05-07 13:54:05.056: [INFO] BookmarkNodeAdded, ABU: 0
2025-05-07 13:54:05.056: [INFO] BookmarkNodeAdded, ABU: 0
2025-05-07 13:54:05.056: [INFO] BookmarkNodeAdded, ABU: 0
2025-05-07 13:54:05.056: [INFO] BookmarkNodeAdded, ABU: 0
2025-05-07 13:54:05.056: [INFO] BookmarkNodeAdded, ABU: 0
2025-05-07 13:54:05.057: [INFO] BookmarkNodeAdded, ABU: 0
2025-05-07 13:54:05.057: [INFO] BookmarkNodeAdded, ABU: 0
2025-05-07 13:54:05.057: [INFO] BookmarkNodeAdded, ABU: 0
2025-05-07 13:54:05.057: [INFO] BookmarkNodeAdded, ABU: 0
2025-05-07 13:54:05.057: [INFO] BookmarkNodeAdded, ABU: 0
2025-05-07 13:54:05.057: [INFO] BookmarkNodeAdded, ABU: 0
2025-05-07 13:54:05.057: [INFO] BookmarkNodeAdded, ABU: 0
2025-05-07 13:54:05.057: [INFO] BookmarkNodeAdded, ABU: 0
2025-05-07 13:54:05.057: [INFO] BookmarkNodeAdded, ABU: 0
2025-05-07 13:54:05.057: [INFO] BookmarkNodeAdded, ABU: 0
2025-05-07 13:54:05.057: [INFO] BookmarkNodeAdded, ABU: 0
2025-05-07 13:54:05.057: [INFO] BookmarkNodeAdded, ABU: 0
2025-05-07 13:54:05.057: [INFO] BookmarkNodeAdded, ABU: 0
2025-05-07 13:54:05.057: [INFO] BookmarkNodeAdded, ABU: 0
2025-05-07 13:54:05.057: [INFO] BookmarkNodeAdded, ABU: 0
2025-05-07 13:54:05.058: [INFO] BookmarkNodeAdded, ABU: 0
2025-05-07 13:54:05.058: [INFO] BookmarkNodeAdded, ABU: 0
2025-05-07 13:54:05.058: [INFO] BookmarkNodeAdded, ABU: 0
2025-05-07 13:54:05.058: [INFO] BookmarkNodeAdded, ABU: 0
2025-05-07 13:54:05.058: [INFO] BookmarkNodeAdded, ABU: 0
2025-05-07 13:54:05.058: [INFO] BookmarkNodeAdded, ABU: 0
2025-05-07 13:54:05.058: [INFO] BookmarkNodeAdded, ABU: 0
2025-05-07 13:54:05.058: [INFO] BookmarkNodeAdded, ABU: 0
2025-05-07 13:54:05.058: [INFO] BookmarkNodeAdded, ABU: 0
2025-05-07 13:54:05.058: [INFO] BookmarkNodeAdded, ABU: 0
2025-05-07 13:54:05.058: [INFO] BookmarkNodeAdded, ABU: 0
2025-05-07 13:54:05.058: [INFO] BookmarkNodeAdded, ABU: 0
2025-05-07 13:54:05.058: [INFO] BookmarkNodeAdded, ABU: 0
2025-05-07 13:54:05.058: [INFO] BookmarkNodeAdded, ABU: 0
2025-05-07 13:54:05.059: [INFO] BookmarkNodeAdded, ABU: 0
2025-05-07 13:54:05.059: [INFO] BookmarkNodeAdded, ABU: 0
2025-05-07 13:54:05.059: [INFO] BookmarkNodeAdded, ABU: 0
2025-05-07 13:54:05.059: [INFO] BookmarkNodeAdded, ABU: 0
2025-05-07 13:54:05.059: [INFO] BookmarkNodeAdded, ABU: 0
2025-05-07 13:54:05.059: [INFO] BookmarkNodeAdded, ABU: 0
2025-05-07 13:54:05.059: [INFO] BookmarkNodeAdded, ABU: 0
2025-05-07 13:54:05.059: [INFO] BookmarkNodeAdded, ABU: 0
2025-05-07 13:54:05.059: [INFO] BookmarkNodeAdded, ABU: 0
2025-05-07 13:54:05.059: [INFO] BookmarkNodeAdded, ABU: 0
2025-05-07 13:54:05.059: [INFO] BookmarkNodeAdded, ABU: 0
2025-05-07 13:54:05.059: [INFO] BookmarkNodeAdded, ABU: 0
2025-05-07 13:54:05.059: [INFO] BookmarkNodeAdded, ABU: 0
2025-05-07 13:54:05.059: [INFO] BookmarkNodeAdded, ABU: 0
2025-05-07 13:54:05.059: [INFO] BookmarkNodeAdded, ABU: 0
2025-05-07 13:54:05.059: [INFO] BookmarkNodeAdded, ABU: 0
2025-05-07 13:54:05.059: [INFO] BookmarkNodeAdded, ABU: 0
2025-05-07 13:54:05.059: [INFO] BookmarkNodeAdded, ABU: 0
2025-05-07 13:54:05.060: [INFO] BookmarkNodeAdded, ABU: 0
2025-05-07 13:54:05.060: [INFO] BookmarkNodeAdded, ABU: 0
2025-05-07 13:54:05.060: [INFO] BookmarkNodeAdded, ABU: 0
2025-05-07 13:54:05.060: [INFO] BookmarkNodeAdded, ABU: 0
2025-05-07 13:54:05.060: [INFO] BookmarkNodeAdded, ABU: 0
2025-05-07 13:54:05.060: [INFO] BookmarkNodeAdded, ABU: 0
2025-05-07 13:54:05.060: [INFO] BookmarkNodeAdded, ABU: 0
2025-05-07 13:54:05.060: [INFO] BookmarkNodeAdded, ABU: 0
2025-05-07 13:54:05.060: [INFO] BookmarkNodeAdded, ABU: 0
2025-05-07 13:54:05.060: [INFO] BookmarkNodeAdded, ABU: 0
2025-05-07 13:54:05.060: [INFO] BookmarkNodeAdded, ABU: 0
2025-05-07 13:54:05.060: [INFO] BookmarkNodeAdded, ABU: 0
2025-05-07 13:54:05.060: [INFO] BookmarkNodeAdded, ABU: 0
2025-05-07 13:54:05.060: [INFO] BookmarkNodeAdded, ABU: 0
2025-05-07 13:54:05.060: [INFO] BookmarkNodeAdded, ABU: 0
2025-05-07 13:54:05.060: [INFO] BookmarkNodeAdded, ABU: 0
2025-05-07 13:54:05.061: [INFO] BookmarkNodeAdded, ABU: 0
2025-05-07 13:54:05.061: [INFO] BookmarkNodeAdded, ABU: 0
2025-05-07 13:54:05.061: [INFO] BookmarkNodeAdded, ABU: 0
2025-05-07 13:54:05.061: [INFO] BookmarkNodeAdded, ABU: 0
2025-05-07 13:54:05.061: [INFO] BookmarkNodeAdded, ABU: 0
2025-05-07 13:54:05.061: [INFO] BookmarkNodeAdded, ABU: 0
2025-05-07 13:54:05.061: [INFO] BookmarkNodeAdded, ABU: 0
2025-05-07 13:54:05.061: [INFO] BookmarkNodeAdded, ABU: 0
2025-05-07 13:54:05.061: [INFO] BookmarkNodeAdded, ABU: 0
2025-05-07 13:54:05.061: [INFO] BookmarkNodeAdded, ABU: 0
2025-05-07 13:54:05.061: [INFO] BookmarkNodeAdded, ABU: 0
2025-05-07 13:54:05.061: [INFO] BookmarkNodeAdded, ABU: 0
2025-05-07 13:54:05.061: [INFO] BookmarkNodeAdded, ABU: 0
2025-05-07 13:54:05.061: [INFO] BookmarkNodeAdded, ABU: 0
2025-05-07 13:54:05.061: [INFO] BookmarkNodeAdded, ABU: 0
2025-05-07 13:54:05.061: [INFO] BookmarkNodeAdded, ABU: 0
2025-05-07 13:54:05.062: [INFO] BookmarkNodeAdded, ABU: 0
2025-05-07 13:54:05.062: [INFO] BookmarkNodeAdded, ABU: 0
2025-05-07 13:54:05.062: [INFO] BookmarkNodeAdded, ABU: 0
2025-05-07 13:54:05.062: [INFO] BookmarkNodeAdded, ABU: 0
2025-05-07 13:54:05.062: [INFO] BookmarkNodeAdded, ABU: 0
2025-05-07 13:54:05.062: [INFO] BookmarkNodeAdded, ABU: 0
2025-05-07 13:54:05.062: [INFO] BookmarkNodeAdded, ABU: 0
2025-05-07 13:54:05.062: [INFO] BookmarkNodeAdded, ABU: 0
2025-05-07 13:54:05.062: [INFO] BookmarkNodeAdded, ABU: 0
2025-05-07 13:54:05.062: [INFO] BookmarkNodeAdded, ABU: 0
2025-05-07 13:54:05.062: [INFO] BookmarkNodeAdded, ABU: 0
2025-05-07 13:54:05.062: [INFO] BookmarkNodeAdded, ABU: 0
2025-05-07 13:54:05.062: [INFO] BookmarkNodeAdded, ABU: 0
2025-05-07 13:54:05.062: [INFO] BookmarkNodeAdded, ABU: 0
2025-05-07 13:54:05.062: [INFO] BookmarkNodeAdded, ABU: 0
2025-05-07 13:54:05.062: [INFO] BookmarkNodeAdded, ABU: 0
2025-05-07 13:54:05.062: [INFO] BookmarkNodeAdded, ABU: 0
2025-05-07 13:54:05.063: [INFO] BookmarkNodeAdded, ABU: 0
2025-05-07 13:54:05.063: [INFO] BookmarkNodeAdded, ABU: 0
2025-05-07 13:54:05.063: [INFO] BookmarkNodeAdded, ABU: 0
2025-05-07 13:54:05.063: [INFO] BookmarkNodeAdded, ABU: 0
2025-05-07 13:54:05.063: [INFO] BookmarkNodeAdded, ABU: 0
2025-05-07 13:54:05.063: [INFO] BookmarkNodeAdded, ABU: 0
2025-05-07 13:54:05.063: [INFO] BookmarkNodeAdded, ABU: 0
2025-05-07 13:54:05.063: [INFO] BookmarkNodeAdded, ABU: 0
2025-05-07 13:54:05.063: [INFO] BookmarkNodeAdded, ABU: 0
2025-05-07 13:54:05.063: [INFO] BookmarkNodeAdded, ABU: 0
2025-05-07 13:54:05.063: [INFO] BookmarkNodeAdded, ABU: 0
2025-05-07 13:54:05.063: [INFO] BookmarkNodeAdded, ABU: 0
2025-05-07 13:54:05.063: [INFO] BookmarkNodeAdded, ABU: 0
2025-05-07 13:54:05.063: [INFO] BookmarkNodeAdded, ABU: 0
2025-05-07 13:54:05.063: [INFO] BookmarkNodeAdded, ABU: 0
2025-05-07 13:54:05.063: [INFO] BookmarkNodeAdded, ABU: 0
2025-05-07 13:54:05.064: [INFO] BookmarkNodeAdded, ABU: 0
2025-05-07 13:54:05.064: [INFO] BookmarkNodeAdded, ABU: 0
2025-05-07 13:54:05.064: [INFO] BookmarkNodeAdded, ABU: 0
2025-05-07 13:54:05.064: [INFO] BookmarkNodeAdded, ABU: 0
2025-05-07 13:54:05.064: [INFO] BookmarkNodeAdded, ABU: 0
2025-05-07 13:54:05.064: [INFO] BookmarkNodeAdded, ABU: 0
2025-05-07 13:54:05.064: [INFO] BookmarkNodeAdded, ABU: 0
2025-05-07 13:54:05.064: [INFO] BookmarkNodeAdded, ABU: 0
2025-05-07 13:54:05.064: [INFO] BookmarkNodeAdded, ABU: 0
2025-05-07 13:54:05.064: [INFO] BookmarkNodeAdded, ABU: 0
2025-05-07 13:54:05.064: [INFO] BookmarkNodeAdded, ABU: 0
2025-05-07 13:54:05.064: [INFO] BookmarkNodeAdded, ABU: 0
2025-05-07 13:54:05.064: [INFO] BookmarkNodeAdded, ABU: 0
2025-05-07 13:54:05.064: [INFO] BookmarkNodeAdded, ABU: 0
2025-05-07 13:54:05.064: [INFO] BookmarkNodeAdded, ABU: 0
2025-05-07 13:54:05.064: [INFO] BookmarkNodeAdded, ABU: 0
2025-05-07 13:54:05.064: [INFO] BookmarkNodeAdded, ABU: 0
2025-05-07 13:54:05.064: [INFO] BookmarkNodeAdded, ABU: 0
2025-05-07 13:54:05.065: [INFO] BookmarkNodeAdded, ABU: 0
2025-05-07 13:54:05.065: [INFO] BookmarkNodeAdded, ABU: 0
2025-05-07 13:54:05.065: [INFO] BookmarkNodeAdded, ABU: 0
2025-05-07 13:54:05.065: [INFO] BookmarkNodeAdded, ABU: 0
2025-05-07 13:54:05.065: [INFO] BookmarkNodeAdded, ABU: 0
2025-05-07 13:54:05.065: [INFO] BookmarkNodeAdded, ABU: 0
2025-05-07 13:54:05.065: [INFO] BookmarkNodeAdded, ABU: 0
2025-05-07 13:54:05.065: [INFO] BookmarkNodeAdded, ABU: 0
2025-05-07 13:54:05.065: [INFO] BookmarkNodeAdded, ABU: 0
2025-05-07 13:54:05.065: [INFO] BookmarkNodeAdded, ABU: 0
2025-05-07 13:54:05.065: [INFO] BookmarkNodeAdded, ABU: 0
2025-05-07 13:54:05.065: [INFO] BookmarkNodeAdded, ABU: 0
2025-05-07 13:54:05.065: [INFO] BookmarkNodeAdded, ABU: 0
2025-05-07 13:54:05.065: [INFO] BookmarkNodeAdded, ABU: 0
2025-05-07 13:54:05.065: [INFO] BookmarkNodeAdded, ABU: 0
2025-05-07 13:54:05.065: [INFO] BookmarkNodeAdded, ABU: 0
2025-05-07 13:54:05.065: [INFO] BookmarkNodeAdded, ABU: 0
2025-05-07 13:54:05.066: [INFO] BookmarkNodeAdded, ABU: 0
2025-05-07 13:54:05.066: [INFO] BookmarkNodeAdded, ABU: 0
2025-05-07 13:54:05.066: [INFO] BookmarkNodeAdded, ABU: 0
2025-05-07 13:54:05.066: [INFO] BookmarkNodeAdded, ABU: 0
2025-05-07 13:54:05.066: [INFO] BookmarkNodeAdded, ABU: 0
2025-05-07 13:54:05.066: [INFO] BookmarkNodeAdded, ABU: 0
2025-05-07 13:54:05.066: [INFO] BookmarkNodeAdded, ABU: 0
2025-05-07 13:54:05.066: [INFO] BookmarkNodeAdded, ABU: 0
2025-05-07 13:54:05.066: [INFO] BookmarkNodeAdded, ABU: 0
2025-05-07 13:54:05.066: [INFO] BookmarkNodeAdded, ABU: 0
2025-05-07 13:54:05.066: [INFO] BookmarkNodeAdded, ABU: 0
2025-05-07 13:54:05.066: [INFO] BookmarkNodeAdded, ABU: 0
2025-05-07 13:54:05.066: [INFO] BookmarkNodeAdded, ABU: 0
2025-05-07 13:54:05.066: [INFO] BookmarkNodeAdded, ABU: 0
2025-05-07 13:54:05.066: [INFO] BookmarkNodeAdded, ABU: 0
2025-05-07 13:54:05.066: [INFO] BookmarkNodeAdded, ABU: 0
2025-05-07 13:54:05.066: [INFO] BookmarkNodeAdded, ABU: 0
2025-05-07 13:54:05.067: [INFO] BookmarkNodeAdded, ABU: 0
2025-05-07 13:54:05.067: [INFO] BookmarkNodeAdded, ABU: 0
2025-05-07 13:54:05.067: [INFO] BookmarkNodeAdded, ABU: 0
2025-05-07 13:54:05.067: [INFO] BookmarkNodeAdded, ABU: 0
2025-05-07 13:54:05.067: [INFO] BookmarkNodeAdded, ABU: 0
2025-05-07 13:54:05.067: [INFO] BookmarkNodeAdded, ABU: 0
2025-05-07 13:54:05.067: [INFO] BookmarkNodeAdded, ABU: 0
2025-05-07 13:54:05.067: [INFO] BookmarkNodeAdded, ABU: 0
2025-05-07 13:54:05.067: [INFO] BookmarkNodeAdded, ABU: 0
2025-05-07 13:54:05.067: [INFO] BookmarkNodeAdded, ABU: 0
2025-05-07 13:54:05.068: [INFO] BookmarkNodeAdded, ABU: 0
2025-05-07 13:54:05.068: [INFO] BookmarkNodeAdded, ABU: 0
2025-05-07 13:54:05.068: [INFO] BookmarkNodeAdded, ABU: 0
2025-05-07 13:54:05.068: [INFO] BookmarkNodeAdded, ABU: 0
2025-05-07 13:54:05.068: [INFO] BookmarkNodeAdded, ABU: 0
2025-05-07 13:54:05.068: [INFO] BookmarkNodeAdded, ABU: 0
2025-05-07 13:54:05.068: [INFO] BookmarkNodeAdded, ABU: 0
2025-05-07 13:54:05.068: [INFO] BookmarkNodeAdded, ABU: 0
2025-05-07 13:54:05.068: [INFO] BookmarkNodeAdded, ABU: 0
2025-05-07 13:54:05.068: [INFO] BookmarkNodeAdded, ABU: 0
2025-05-07 13:54:05.068: [INFO] BookmarkNodeAdded, ABU: 0
2025-05-07 13:54:05.069: [INFO] BookmarkNodeAdded, ABU: 0
2025-05-07 13:54:05.069: [INFO] BookmarkNodeAdded, ABU: 0
2025-05-07 13:54:05.069: [INFO] BookmarkNodeAdded, ABU: 0
2025-05-07 13:54:05.069: [INFO] BookmarkNodeAdded, ABU: 0
2025-05-07 13:54:05.069: [INFO] BookmarkNodeAdded, ABU: 0
2025-05-07 13:54:05.069: [INFO] BookmarkNodeAdded, ABU: 0
2025-05-07 13:54:05.069: [INFO] BookmarkNodeAdded, ABU: 0
2025-05-07 13:54:05.069: [INFO] BookmarkNodeAdded, ABU: 0
2025-05-07 13:54:05.069: [INFO] BookmarkNodeAdded, ABU: 0
2025-05-07 13:54:05.069: [INFO] BookmarkNodeAdded, ABU: 0
2025-05-07 13:54:05.069: [INFO] BookmarkNodeAdded, ABU: 0
2025-05-07 13:54:05.070: [INFO] BookmarkNodeAdded, ABU: 0
2025-05-07 13:54:05.070: [INFO] BookmarkNodeAdded, ABU: 0
2025-05-07 13:54:05.070: [INFO] BookmarkNodeAdded, ABU: 0
2025-05-07 13:54:05.070: [INFO] BookmarkNodeAdded, ABU: 0
2025-05-07 13:54:05.070: [INFO] BookmarkNodeAdded, ABU: 0
2025-05-07 13:54:05.070: [INFO] BookmarkNodeAdded, ABU: 0
2025-05-07 13:54:05.070: [INFO] BookmarkNodeAdded, ABU: 0
2025-05-07 13:54:05.070: [INFO] BookmarkNodeAdded, ABU: 0
2025-05-07 13:54:05.070: [INFO] BookmarkNodeAdded, ABU: 0
2025-05-07 13:54:05.070: [INFO] BookmarkNodeAdded, ABU: 0
2025-05-07 13:54:05.070: [INFO] BookmarkNodeAdded, ABU: 0
2025-05-07 13:54:05.070: [INFO] BookmarkNodeAdded, ABU: 0
2025-05-07 13:54:05.070: [INFO] BookmarkNodeAdded, ABU: 0
2025-05-07 13:54:05.071: [INFO] BookmarkNodeAdded, ABU: 0
2025-05-07 13:54:05.071: [INFO] BookmarkNodeAdded, ABU: 0
2025-05-07 13:54:05.071: [INFO] BookmarkNodeAdded, ABU: 0
2025-05-07 13:54:05.071: [INFO] BookmarkNodeAdded, ABU: 0
2025-05-07 13:54:05.071: [INFO] BookmarkNodeAdded, ABU: 0
2025-05-07 13:54:05.071: [INFO] BookmarkNodeAdded, ABU: 0
2025-05-07 13:54:05.071: [INFO] BookmarkNodeAdded, ABU: 0
2025-05-07 13:54:05.071: [INFO] BookmarkNodeAdded, ABU: 0
2025-05-07 13:54:05.071: [INFO] BookmarkNodeAdded, ABU: 0
2025-05-07 13:54:05.071: [INFO] BookmarkNodeAdded, ABU: 0
2025-05-07 13:54:05.071: [INFO] BookmarkNodeAdded, ABU: 0
2025-05-07 13:54:05.071: [INFO] BookmarkNodeAdded, ABU: 0
2025-05-07 13:54:05.071: [INFO] BookmarkNodeAdded, ABU: 0
2025-05-07 13:54:05.071: [INFO] BookmarkNodeAdded, ABU: 0
2025-05-07 13:54:05.071: [INFO] BookmarkNodeAdded, ABU: 0
2025-05-07 13:54:05.071: [INFO] BookmarkNodeAdded, ABU: 0
2025-05-07 13:54:05.072: [INFO] BookmarkNodeAdded, ABU: 0
2025-05-07 13:54:05.072: [INFO] BookmarkNodeAdded, ABU: 0
2025-05-07 13:54:05.072: [INFO] BookmarkNodeAdded, ABU: 0
2025-05-07 13:54:05.072: [INFO] BookmarkNodeAdded, ABU: 0
2025-05-07 13:54:05.072: [INFO] BookmarkNodeAdded, ABU: 0
2025-05-07 13:54:05.072: [INFO] BookmarkNodeAdded, ABU: 0
2025-05-07 13:54:05.072: [INFO] BookmarkNodeAdded, ABU: 0
2025-05-07 13:54:05.072: [INFO] BookmarkNodeAdded, ABU: 0
2025-05-07 13:54:05.072: [INFO] BookmarkNodeAdded, ABU: 0
2025-05-07 13:54:05.072: [INFO] BookmarkNodeAdded, ABU: 0
2025-05-07 13:54:05.072: [INFO] BookmarkNodeAdded, ABU: 0
2025-05-07 13:54:05.072: [INFO] BookmarkNodeAdded, ABU: 0
2025-05-07 13:54:05.072: [INFO] BookmarkNodeAdded, ABU: 0
2025-05-07 13:54:05.072: [INFO] BookmarkNodeAdded, ABU: 0
2025-05-07 13:54:05.072: [INFO] BookmarkNodeAdded, ABU: 0
2025-05-07 13:54:05.072: [INFO] BookmarkNodeAdded, ABU: 0
2025-05-07 13:54:05.073: [INFO] BookmarkNodeAdded, ABU: 0
2025-05-07 13:54:05.073: [INFO] BookmarkNodeAdded, ABU: 0
2025-05-07 13:54:05.073: [INFO] BookmarkNodeAdded, ABU: 0
2025-05-07 13:54:05.073: [INFO] BookmarkNodeAdded, ABU: 0
2025-05-07 13:54:05.073: [INFO] BookmarkNodeAdded, ABU: 0
2025-05-07 13:54:05.073: [INFO] BookmarkNodeAdded, ABU: 0
2025-05-07 13:54:05.073: [INFO] BookmarkNodeAdded, ABU: 0
2025-05-07 13:54:05.073: [INFO] BookmarkNodeAdded, ABU: 0
2025-05-07 13:54:05.073: [INFO] BookmarkNodeAdded, ABU: 0
2025-05-07 13:54:05.073: [INFO] BookmarkNodeAdded, ABU: 0
2025-05-07 13:54:05.073: [INFO] BookmarkNodeAdded, ABU: 0
2025-05-07 13:54:05.073: [INFO] BookmarkNodeAdded, ABU: 0
2025-05-07 13:54:05.073: [INFO] BookmarkNodeAdded, ABU: 0
2025-05-07 13:54:05.073: [INFO] BookmarkNodeAdded, ABU: 0
2025-05-07 13:54:05.074: [INFO] BookmarkNodeAdded, ABU: 0
2025-05-07 13:54:05.074: [INFO] BookmarkNodeAdded, ABU: 0
2025-05-07 13:54:05.074: [INFO] BookmarkNodeAdded, ABU: 0
2025-05-07 13:54:05.074: [INFO] BookmarkNodeAdded, ABU: 0
2025-05-07 13:54:05.074: [INFO] BookmarkNodeAdded, ABU: 0
2025-05-07 13:54:05.074: [INFO] BookmarkNodeAdded, ABU: 0
2025-05-07 13:54:05.074: [INFO] BookmarkNodeAdded, ABU: 0
2025-05-07 13:54:05.074: [INFO] BookmarkNodeAdded, ABU: 0
2025-05-07 13:54:05.074: [INFO] BookmarkNodeAdded, ABU: 0
2025-05-07 13:54:05.074: [INFO] BookmarkNodeAdded, ABU: 0
2025-05-07 13:54:05.074: [INFO] BookmarkNodeAdded, ABU: 0
2025-05-07 13:54:05.074: [INFO] BookmarkNodeAdded, ABU: 0
2025-05-07 13:54:05.074: [INFO] BookmarkNodeAdded, ABU: 0
2025-05-07 13:54:05.074: [INFO] BookmarkNodeAdded, ABU: 0
2025-05-07 13:54:05.074: [INFO] BookmarkNodeAdded, ABU: 0
2025-05-07 13:54:05.075: [INFO] BookmarkNodeAdded, ABU: 0
2025-05-07 13:54:05.075: [INFO] BookmarkNodeAdded, ABU: 0
2025-05-07 13:54:05.075: [INFO] BookmarkNodeAdded, ABU: 0
2025-05-07 13:54:05.075: [INFO] BookmarkNodeAdded, ABU: 0
2025-05-07 13:54:05.075: [INFO] BookmarkNodeAdded, ABU: 0
2025-05-07 13:54:05.075: [INFO] BookmarkNodeAdded, ABU: 0
2025-05-07 13:54:05.075: [INFO] BookmarkNodeAdded, ABU: 0
2025-05-07 13:54:05.075: [INFO] BookmarkNodeAdded, ABU: 0
2025-05-07 13:54:05.075: [INFO] BookmarkNodeAdded, ABU: 0
2025-05-07 13:54:05.075: [INFO] BookmarkNodeAdded, ABU: 0
2025-05-07 13:54:05.075: [INFO] BookmarkNodeAdded, ABU: 0
2025-05-07 13:54:05.075: [INFO] BookmarkNodeAdded, ABU: 0
2025-05-07 13:54:05.075: [INFO] BookmarkNodeAdded, ABU: 0
2025-05-07 13:54:05.075: [INFO] BookmarkNodeAdded, ABU: 0
2025-05-07 13:54:05.075: [INFO] BookmarkNodeAdded, ABU: 0
2025-05-07 13:54:05.076: [INFO] BookmarkNodeAdded, ABU: 0
2025-05-07 13:54:05.076: [INFO] BookmarkNodeAdded, ABU: 0
2025-05-07 13:54:05.076: [INFO] BookmarkNodeAdded, ABU: 0
2025-05-07 13:54:05.076: [INFO] BookmarkNodeAdded, ABU: 0
2025-05-07 13:54:05.076: [INFO] BookmarkNodeAdded, ABU: 0
2025-05-07 13:54:05.076: [INFO] BookmarkNodeAdded, ABU: 0
2025-05-07 13:54:05.076: [INFO] BookmarkNodeAdded, ABU: 0
2025-05-07 13:54:05.076: [INFO] BookmarkNodeAdded, ABU: 0
2025-05-07 13:54:05.076: [INFO] BookmarkNodeAdded, ABU: 0
2025-05-07 13:54:05.076: [INFO] BookmarkNodeAdded, ABU: 0
2025-05-07 13:54:05.076: [INFO] BookmarkNodeAdded, ABU: 0
2025-05-07 13:54:05.076: [INFO] BookmarkNodeAdded, ABU: 0
2025-05-07 13:54:05.076: [INFO] BookmarkNodeAdded, ABU: 0
2025-05-07 13:54:05.076: [INFO] BookmarkNodeAdded, ABU: 0
2025-05-07 13:54:05.076: [INFO] BookmarkNodeAdded, ABU: 0
2025-05-07 13:54:05.076: [INFO] BookmarkNodeAdded, ABU: 0
2025-05-07 13:54:05.076: [INFO] BookmarkNodeAdded, ABU: 0
2025-05-07 13:54:05.077: [INFO] BookmarkNodeAdded, ABU: 0
2025-05-07 13:54:05.077: [INFO] BookmarkNodeAdded, ABU: 0
2025-05-07 13:54:05.077: [INFO] BookmarkNodeAdded, ABU: 0
2025-05-07 13:54:05.077: [INFO] BookmarkNodeAdded, ABU: 0
2025-05-07 13:54:05.077: [INFO] BookmarkNodeAdded, ABU: 0
2025-05-07 13:54:05.077: [INFO] BookmarkNodeAdded, ABU: 0
2025-05-07 13:54:05.077: [INFO] BookmarkNodeAdded, ABU: 0
2025-05-07 13:54:05.077: [INFO] BookmarkNodeAdded, ABU: 0
2025-05-07 13:54:05.077: [INFO] BookmarkNodeAdded, ABU: 0
2025-05-07 13:54:05.077: [INFO] BookmarkNodeAdded, ABU: 0
2025-05-07 13:54:05.077: [INFO] BookmarkNodeAdded, ABU: 0
2025-05-07 13:54:05.077: [INFO] BookmarkNodeAdded, ABU: 0
2025-05-07 13:54:05.077: [INFO] BookmarkNodeAdded, ABU: 0
2025-05-07 13:54:05.077: [INFO] BookmarkNodeAdded, ABU: 0
2025-05-07 13:54:05.077: [INFO] BookmarkNodeAdded, ABU: 0
2025-05-07 13:54:05.078: [INFO] BookmarkNodeAdded, ABU: 0
2025-05-07 13:54:05.078: [INFO] BookmarkNodeAdded, ABU: 0
2025-05-07 13:54:05.078: [INFO] BookmarkNodeAdded, ABU: 0
2025-05-07 13:54:05.078: [INFO] BookmarkNodeAdded, ABU: 0
2025-05-07 13:54:05.078: [INFO] BookmarkNodeAdded, ABU: 0
2025-05-07 13:54:05.078: [INFO] BookmarkNodeAdded, ABU: 0
2025-05-07 13:54:05.078: [INFO] BookmarkNodeAdded, ABU: 0
2025-05-07 13:54:05.078: [INFO] BookmarkNodeAdded, ABU: 0
2025-05-07 13:54:05.078: [INFO] BookmarkNodeAdded, ABU: 0
2025-05-07 13:54:05.078: [INFO] BookmarkNodeAdded, ABU: 0
2025-05-07 13:54:05.078: [INFO] BookmarkNodeAdded, ABU: 0
2025-05-07 13:54:05.078: [INFO] BookmarkNodeAdded, ABU: 0
2025-05-07 13:54:05.078: [INFO] BookmarkNodeAdded, ABU: 0
2025-05-07 13:54:05.078: [INFO] BookmarkNodeAdded, ABU: 0
2025-05-07 13:54:05.078: [INFO] BookmarkNodeAdded, ABU: 0
2025-05-07 13:54:05.078: [INFO] BookmarkNodeAdded, ABU: 0
2025-05-07 13:54:05.079: [INFO] BookmarkNodeAdded, ABU: 0
2025-05-07 13:54:05.079: [INFO] BookmarkNodeAdded, ABU: 0
2025-05-07 13:54:05.079: [INFO] BookmarkNodeAdded, ABU: 0
2025-05-07 13:54:05.079: [INFO] BookmarkNodeAdded, ABU: 0
2025-05-07 13:54:05.079: [INFO] BookmarkNodeAdded, ABU: 0
2025-05-07 13:54:05.079: [INFO] BookmarkNodeAdded, ABU: 0
2025-05-07 13:54:05.079: [INFO] BookmarkNodeAdded, ABU: 0
2025-05-07 13:54:05.079: [INFO] BookmarkNodeAdded, ABU: 0
2025-05-07 13:54:05.079: [INFO] BookmarkNodeAdded, ABU: 0
2025-05-07 13:54:05.079: [INFO] BookmarkNodeAdded, ABU: 0
2025-05-07 13:54:05.079: [INFO] BookmarkNodeAdded, ABU: 0
2025-05-07 13:54:05.079: [INFO] BookmarkNodeAdded, ABU: 0
2025-05-07 13:54:05.079: [INFO] BookmarkNodeAdded, ABU: 0
2025-05-07 13:54:05.080: [INFO] BookmarkNodeAdded, ABU: 0
2025-05-07 13:54:05.080: [INFO] BookmarkNodeAdded, ABU: 0
2025-05-07 13:54:05.080: [INFO] BookmarkNodeAdded, ABU: 0
2025-05-07 13:54:05.080: [INFO] BookmarkNodeAdded, ABU: 0
2025-05-07 13:54:05.080: [INFO] BookmarkNodeAdded, ABU: 0
2025-05-07 13:54:05.080: [INFO] BookmarkNodeAdded, ABU: 0
2025-05-07 13:54:05.080: [INFO] BookmarkNodeAdded, ABU: 0
2025-05-07 13:54:05.080: [INFO] BookmarkNodeAdded, ABU: 0
2025-05-07 13:54:05.080: [INFO] BookmarkNodeAdded, ABU: 0
2025-05-07 13:54:05.080: [INFO] BookmarkNodeAdded, ABU: 0
2025-05-07 13:54:05.080: [INFO] BookmarkNodeAdded, ABU: 0
2025-05-07 13:54:05.080: [INFO] BookmarkNodeAdded, ABU: 0
2025-05-07 13:54:05.080: [INFO] BookmarkNodeAdded, ABU: 0
2025-05-07 13:54:05.080: [INFO] BookmarkNodeAdded, ABU: 0
2025-05-07 13:54:05.081: [INFO] BookmarkNodeAdded, ABU: 0
2025-05-07 13:54:05.081: [INFO] BookmarkNodeAdded, ABU: 0
2025-05-07 13:54:05.081: [INFO] BookmarkNodeAdded, ABU: 0
2025-05-07 13:54:05.081: [INFO] BookmarkNodeAdded, ABU: 0
2025-05-07 13:54:05.081: [INFO] BookmarkNodeAdded, ABU: 0
2025-05-07 13:54:05.081: [INFO] BookmarkNodeAdded, ABU: 0
2025-05-07 13:54:05.081: [INFO] BookmarkNodeAdded, ABU: 0
2025-05-07 13:54:05.081: [INFO] BookmarkNodeAdded, ABU: 0
2025-05-07 13:54:05.081: [INFO] BookmarkNodeAdded, ABU: 0
2025-05-07 13:54:05.081: [INFO] BookmarkNodeAdded, ABU: 0
2025-05-07 13:54:05.081: [INFO] BookmarkNodeAdded, ABU: 0
2025-05-07 13:54:05.081: [INFO] BookmarkNodeAdded, ABU: 0
2025-05-07 13:54:05.081: [INFO] BookmarkNodeAdded, ABU: 0
2025-05-07 13:54:05.081: [INFO] BookmarkNodeAdded, ABU: 0
2025-05-07 13:54:05.081: [INFO] BookmarkNodeAdded, ABU: 0
2025-05-07 13:54:05.082: [INFO] BookmarkNodeAdded, ABU: 0
2025-05-07 13:54:05.082: [INFO] BookmarkNodeAdded, ABU: 0
2025-05-07 13:54:05.082: [INFO] BookmarkNodeAdded, ABU: 0
2025-05-07 13:54:05.082: [INFO] BookmarkNodeAdded, ABU: 0
2025-05-07 13:54:05.082: [INFO] BookmarkNodeAdded, ABU: 0
2025-05-07 13:54:05.082: [INFO] BookmarkNodeAdded, ABU: 0
2025-05-07 13:54:05.082: [INFO] BookmarkNodeAdded, ABU: 0
2025-05-07 13:54:05.082: [INFO] BookmarkNodeAdded, ABU: 0
2025-05-07 13:54:05.082: [INFO] BookmarkNodeAdded, ABU: 0
2025-05-07 13:54:05.082: [INFO] BookmarkNodeAdded, ABU: 0
2025-05-07 13:54:05.082: [INFO] BookmarkNodeAdded, ABU: 0
2025-05-07 13:54:05.082: [INFO] BookmarkNodeAdded, ABU: 0
2025-05-07 13:54:05.082: [INFO] BookmarkNodeAdded, ABU: 0
2025-05-07 13:54:05.082: [INFO] BookmarkNodeAdded, ABU: 0
2025-05-07 13:54:05.082: [INFO] BookmarkNodeAdded, ABU: 0
2025-05-07 13:54:05.082: [INFO] BookmarkNodeAdded, ABU: 0
2025-05-07 13:54:05.082: [INFO] BookmarkNodeAdded, ABU: 0
2025-05-07 13:54:05.083: [INFO] BookmarkNodeAdded, ABU: 0
2025-05-07 13:54:05.083: [INFO] BookmarkNodeAdded, ABU: 0
2025-05-07 13:54:05.083: [INFO] BookmarkNodeAdded, ABU: 0
2025-05-07 13:54:05.083: [INFO] BookmarkNodeAdded, ABU: 0
2025-05-07 13:54:05.083: [INFO] BookmarkNodeAdded, ABU: 0
2025-05-07 13:54:05.083: [INFO] BookmarkNodeAdded, ABU: 0
2025-05-07 13:54:05.083: [INFO] BookmarkNodeAdded, ABU: 0
2025-05-07 13:54:05.083: [INFO] BookmarkNodeAdded, ABU: 0
2025-05-07 13:54:05.083: [INFO] BookmarkNodeAdded, ABU: 0
2025-05-07 13:54:05.083: [INFO] BookmarkNodeAdded, ABU: 0
2025-05-07 13:54:05.083: [INFO] BookmarkNodeAdded, ABU: 0
2025-05-07 13:54:05.083: [INFO] BookmarkNodeAdded, ABU: 0
2025-05-07 13:54:05.083: [INFO] BookmarkNodeAdded, ABU: 0
2025-05-07 13:54:05.083: [INFO] BookmarkNodeAdded, ABU: 0
2025-05-07 13:54:05.084: [INFO] BookmarkNodeAdded, ABU: 0
2025-05-07 13:54:05.084: [INFO] BookmarkNodeAdded, ABU: 0
2025-05-07 13:54:05.084: [INFO] BookmarkNodeAdded, ABU: 0
2025-05-07 13:54:05.084: [INFO] BookmarkNodeAdded, ABU: 0
2025-05-07 13:54:05.084: [INFO] BookmarkNodeAdded, ABU: 0
2025-05-07 13:54:05.084: [INFO] BookmarkNodeAdded, ABU: 0
2025-05-07 13:54:05.084: [INFO] BookmarkNodeAdded, ABU: 0
2025-05-07 13:54:05.084: [INFO] BookmarkNodeAdded, ABU: 0
2025-05-07 13:54:05.084: [INFO] BookmarkNodeAdded, ABU: 0
2025-05-07 13:54:05.084: [INFO] BookmarkNodeAdded, ABU: 0
2025-05-07 13:54:05.084: [INFO] BookmarkNodeAdded, ABU: 0
2025-05-07 13:54:05.084: [INFO] BookmarkNodeAdded, ABU: 0
2025-05-07 13:54:05.085: [INFO] BookmarkNodeAdded, ABU: 0
2025-05-07 13:54:05.085: [INFO] BookmarkNodeAdded, ABU: 0
2025-05-07 13:54:05.085: [INFO] BookmarkNodeAdded, ABU: 0
2025-05-07 13:54:05.085: [INFO] BookmarkNodeAdded, ABU: 0
2025-05-07 13:54:05.085: [INFO] BookmarkNodeAdded, ABU: 0
2025-05-07 13:54:05.085: [INFO] BookmarkNodeAdded, ABU: 0
2025-05-07 13:54:05.085: [INFO] BookmarkNodeAdded, ABU: 0
2025-05-07 13:54:05.085: [INFO] BookmarkNodeAdded, ABU: 0
2025-05-07 13:54:05.085: [INFO] BookmarkNodeAdded, ABU: 0
2025-05-07 13:54:05.085: [INFO] BookmarkNodeAdded, ABU: 0
2025-05-07 13:54:05.085: [INFO] BookmarkNodeAdded, ABU: 0
2025-05-07 13:54:05.085: [INFO] BookmarkNodeAdded, ABU: 0
2025-05-07 13:54:05.085: [INFO] BookmarkNodeAdded, ABU: 0
2025-05-07 13:54:05.086: [INFO] BookmarkNodeAdded, ABU: 0
2025-05-07 13:54:05.086: [INFO] BookmarkNodeAdded, ABU: 0
2025-05-07 13:54:05.086: [INFO] BookmarkNodeAdded, ABU: 0
2025-05-07 13:54:05.086: [INFO] BookmarkNodeAdded, ABU: 0
2025-05-07 13:54:05.086: [INFO] BookmarkNodeAdded, ABU: 0
2025-05-07 13:54:05.086: [INFO] BookmarkNodeAdded, ABU: 0
2025-05-07 13:54:05.086: [INFO] BookmarkNodeAdded, ABU: 0
2025-05-07 13:54:05.086: [INFO] BookmarkNodeAdded, ABU: 0
2025-05-07 13:54:05.086: [INFO] BookmarkNodeAdded, ABU: 0
2025-05-07 13:54:05.086: [INFO] BookmarkNodeAdded, ABU: 0
2025-05-07 13:54:05.086: [INFO] BookmarkNodeAdded, ABU: 0
2025-05-07 13:54:05.086: [INFO] BookmarkNodeAdded, ABU: 0
2025-05-07 13:54:05.086: [INFO] BookmarkNodeAdded, ABU: 0
2025-05-07 13:54:05.086: [INFO] BookmarkNodeAdded, ABU: 0
2025-05-07 13:54:05.087: [INFO] BookmarkNodeAdded, ABU: 0
2025-05-07 13:54:05.087: [INFO] BookmarkNodeAdded, ABU: 0
2025-05-07 13:54:05.087: [INFO] BookmarkNodeAdded, ABU: 0
2025-05-07 13:54:05.087: [INFO] BookmarkNodeAdded, ABU: 0
2025-05-07 13:54:05.087: [INFO] BookmarkNodeAdded, ABU: 0
2025-05-07 13:54:05.087: [INFO] BookmarkNodeAdded, ABU: 0
2025-05-07 13:54:05.087: [INFO] BookmarkNodeAdded, ABU: 0
2025-05-07 13:54:05.087: [INFO] BookmarkNodeAdded, ABU: 0
2025-05-07 13:54:05.087: [INFO] BookmarkNodeAdded, ABU: 0
2025-05-07 13:54:05.087: [INFO] BookmarkNodeAdded, ABU: 0
2025-05-07 13:54:05.087: [INFO] BookmarkNodeAdded, ABU: 0
2025-05-07 13:54:05.088: [INFO] BookmarkNodeAdded, ABU: 0
2025-05-07 13:54:05.088: [INFO] BookmarkNodeAdded, ABU: 0
2025-05-07 13:54:05.088: [INFO] BookmarkNodeAdded, ABU: 0
2025-05-07 13:54:05.088: [INFO] BookmarkNodeAdded, ABU: 0
2025-05-07 13:54:05.088: [INFO] BookmarkNodeAdded, ABU: 0
2025-05-07 13:54:05.088: [INFO] BookmarkNodeAdded, ABU: 0
2025-05-07 13:54:05.088: [INFO] BookmarkNodeAdded, ABU: 0
2025-05-07 13:54:05.088: [INFO] BookmarkNodeAdded, ABU: 0
2025-05-07 13:54:05.088: [INFO] BookmarkNodeAdded, ABU: 0
2025-05-07 13:54:05.088: [INFO] BookmarkNodeAdded, ABU: 0
2025-05-07 13:54:05.088: [INFO] BookmarkNodeAdded, ABU: 0
2025-05-07 13:54:05.088: [INFO] BookmarkNodeAdded, ABU: 0
2025-05-07 13:54:05.088: [INFO] BookmarkNodeAdded, ABU: 0
2025-05-07 13:54:05.088: [INFO] BookmarkNodeAdded, ABU: 0
2025-05-07 13:54:05.088: [INFO] BookmarkNodeAdded, ABU: 0
2025-05-07 13:54:05.088: [INFO] BookmarkNodeAdded, ABU: 0
2025-05-07 13:54:05.089: [INFO] BookmarkNodeAdded, ABU: 0
2025-05-07 13:54:05.089: [INFO] BookmarkNodeAdded, ABU: 0
2025-05-07 13:54:05.089: [INFO] BookmarkNodeAdded, ABU: 0
2025-05-07 13:54:05.089: [INFO] BookmarkNodeAdded, ABU: 0
2025-05-07 13:54:05.089: [INFO] BookmarkNodeAdded, ABU: 0
2025-05-07 13:54:05.089: [INFO] BookmarkNodeAdded, ABU: 0
2025-05-07 13:54:05.089: [INFO] BookmarkNodeAdded, ABU: 0
2025-05-07 13:54:12.991: [INFO] Sync initialization duration: 13639ms
2025-05-07 13:55:32.391: [INFO] VisibilityChanged: 0
2025-05-07 14:00:14.829: [INFO] OnDoneLoading sync enabled: 1
2025-05-07 14:00:16.386: [INFO] Sync initialization duration: 1411ms
2025-05-07 14:06:29.052: [INFO] VisibilityChanged: 0
