{"logTime": "0507/135424", "correlationVector":"IIz0kdfJNbH8/86sPgJjzR.3","action":"GetUpdates Response", "result":"Success", "context":Received 250 update(s). cV=IIz0kdfJNbH8/86sPgJjzR.0;server=akswtt00700001j;cloudType=Consumer;environment=Prod_francecentral_prod-s01-062-eur-francecentral;migrationStage=NotStarted Some updates remain.}
{"logTime": "0507/135424", "correlationVector":"xZmvbrPbYNddnjGQMqKdAy","action":"Initial GetUpdates", "result":"", "context":Reason: NEWLY_SUPPORTED_DATATYPE. cV=xZmvbrPbYNddnjGQMqKdAy}
{"logTime": "0507/135424", "correlationVector":"xZmvbrPbYNddnjGQMqKdAy.1","action":"SyncServerConnectionManagerRequest", "result":"SYNC_SERVER_OK", "context":{"environment":"Prod_francecentral_prod-s01-062-eur-francecentral", "migrationStage":"NotStarted", "server":"akswtt00700004l"}}
{"logTime": "0507/135424", "correlationVector":"xZmvbrPbYNddnjGQMqKdAy.2","action":"ProcessGetUpdates", "result":"Done", "context":{"dataType":"History", "deleted":"250", "process_failed_to_decrypt":"0", "process_pending_decryption":"0", "process_success":"250", "total":"250"}}
{"logTime": "0507/135424", "correlationVector":"xZmvbrPbYNddnjGQMqKdAy.3","action":"GetUpdates Response", "result":"Success", "context":Received 250 update(s). cV=xZmvbrPbYNddnjGQMqKdAy.0;server=akswtt00700004l;cloudType=Consumer;environment=Prod_francecentral_prod-s01-062-eur-francecentral;migrationStage=NotStarted Some updates remain.}
{"logTime": "0507/135424", "correlationVector":"PuHOdVgOKfxdWKnWROj63j","action":"Initial GetUpdates", "result":"", "context":Reason: NEWLY_SUPPORTED_DATATYPE. cV=PuHOdVgOKfxdWKnWROj63j}
{"logTime": "0507/135425", "correlationVector":"PuHOdVgOKfxdWKnWROj63j.1","action":"SyncServerConnectionManagerRequest", "result":"SYNC_SERVER_OK", "context":{"environment":"Prod_francecentral_prod-s01-062-eur-francecentral", "migrationStage":"NotStarted", "server":"akswtt007000003"}}
{"logTime": "0507/135425", "correlationVector":"PuHOdVgOKfxdWKnWROj63j.2","action":"ProcessGetUpdates", "result":"Done", "context":{"dataType":"History", "deleted":"246", "process_failed_to_decrypt":"0", "process_pending_decryption":"0", "process_success":"250", "total":"250"}}
{"logTime": "0507/135425", "correlationVector":"PuHOdVgOKfxdWKnWROj63j.3","action":"GetUpdates Response", "result":"Success", "context":Received 250 update(s). cV=PuHOdVgOKfxdWKnWROj63j.0;server=akswtt007000003;cloudType=Consumer;environment=Prod_francecentral_prod-s01-062-eur-francecentral;migrationStage=NotStarted Some updates remain.}
{"logTime": "0507/135425", "correlationVector":"GMKBvbAyf6D/SmsLqcu03y","action":"Initial GetUpdates", "result":"", "context":Reason: NEWLY_SUPPORTED_DATATYPE. cV=GMKBvbAyf6D/SmsLqcu03y}
{"logTime": "0507/135425", "correlationVector":"GMKBvbAyf6D/SmsLqcu03y.1","action":"SyncServerConnectionManagerRequest", "result":"SYNC_SERVER_OK", "context":{"environment":"Prod_francecentral_prod-s01-062-eur-francecentral", "migrationStage":"NotStarted", "server":"akswtt00700000v"}}
{"logTime": "0507/135425", "correlationVector":"GMKBvbAyf6D/SmsLqcu03y.2","action":"ProcessGetUpdates", "result":"Done", "context":{"dataType":"History", "deleted":"93", "process_failed_to_decrypt":"0", "process_pending_decryption":"0", "process_success":"250", "total":"250"}}
{"logTime": "0507/135425", "correlationVector":"GMKBvbAyf6D/SmsLqcu03y.3","action":"GetUpdates Response", "result":"Success", "context":Received 250 update(s). cV=GMKBvbAyf6D/SmsLqcu03y.0;server=akswtt00700000v;cloudType=Consumer;environment=Prod_francecentral_prod-s01-062-eur-francecentral;migrationStage=NotStarted Some updates remain.}
{"logTime": "0507/135425", "correlationVector":"X6q5l7lEqKc+6PQYEQIPVa","action":"Initial GetUpdates", "result":"", "context":Reason: NEWLY_SUPPORTED_DATATYPE. cV=X6q5l7lEqKc+6PQYEQIPVa}
{"logTime": "0507/135426", "correlationVector":"X6q5l7lEqKc+6PQYEQIPVa.1","action":"SyncServerConnectionManagerRequest", "result":"SYNC_SERVER_OK", "context":{"environment":"Prod_francecentral_prod-s01-062-eur-francecentral", "migrationStage":"NotStarted", "server":"akswtt007000003"}}
{"logTime": "0507/135426", "correlationVector":"X6q5l7lEqKc+6PQYEQIPVa.2","action":"ProcessGetUpdates", "result":"Done", "context":{"dataType":"History", "deleted":"0", "process_failed_to_decrypt":"0", "process_pending_decryption":"0", "process_success":"250", "total":"250"}}
{"logTime": "0507/135426", "correlationVector":"X6q5l7lEqKc+6PQYEQIPVa.3","action":"GetUpdates Response", "result":"Success", "context":Received 250 update(s). cV=X6q5l7lEqKc+6PQYEQIPVa.0;server=akswtt007000003;cloudType=Consumer;environment=Prod_francecentral_prod-s01-062-eur-francecentral;migrationStage=NotStarted Some updates remain.}
{"logTime": "0507/135426", "correlationVector":"60JghS0X+zSvWHdeqFdv1L","action":"Initial GetUpdates", "result":"", "context":Reason: NEWLY_SUPPORTED_DATATYPE. cV=60JghS0X+zSvWHdeqFdv1L}
{"logTime": "0507/135426", "correlationVector":"60JghS0X+zSvWHdeqFdv1L.1","action":"SyncServerConnectionManagerRequest", "result":"SYNC_SERVER_OK", "context":{"environment":"Prod_francecentral_prod-s01-062-eur-francecentral", "migrationStage":"NotStarted", "server":"akswtt00700004l"}}
{"logTime": "0507/135426", "correlationVector":"60JghS0X+zSvWHdeqFdv1L.2","action":"ProcessGetUpdates", "result":"Done", "context":{"dataType":"History", "deleted":"0", "process_failed_to_decrypt":"0", "process_pending_decryption":"0", "process_success":"250", "total":"250"}}
{"logTime": "0507/135426", "correlationVector":"60JghS0X+zSvWHdeqFdv1L.3","action":"GetUpdates Response", "result":"Success", "context":Received 250 update(s). cV=60JghS0X+zSvWHdeqFdv1L.0;server=akswtt00700004l;cloudType=Consumer;environment=Prod_francecentral_prod-s01-062-eur-francecentral;migrationStage=NotStarted Some updates remain.}
{"logTime": "0507/135426", "correlationVector":"uTC9pL2Q7x+Z6Qd1DOiau/","action":"Initial GetUpdates", "result":"", "context":Reason: NEWLY_SUPPORTED_DATATYPE. cV=uTC9pL2Q7x+Z6Qd1DOiau/}
{"logTime": "0507/135426", "correlationVector":"uTC9pL2Q7x+Z6Qd1DOiau/.1","action":"SyncServerConnectionManagerRequest", "result":"SYNC_SERVER_OK", "context":{"environment":"Prod_francecentral_prod-s01-062-eur-francecentral", "migrationStage":"NotStarted", "server":"akswtt007000031"}}
{"logTime": "0507/135426", "correlationVector":"uTC9pL2Q7x+Z6Qd1DOiau/.2","action":"ProcessGetUpdates", "result":"Done", "context":{"dataType":"History", "deleted":"0", "process_failed_to_decrypt":"0", "process_pending_decryption":"0", "process_success":"250", "total":"250"}}
{"logTime": "0507/135426", "correlationVector":"uTC9pL2Q7x+Z6Qd1DOiau/.3","action":"GetUpdates Response", "result":"Success", "context":Received 250 update(s). cV=uTC9pL2Q7x+Z6Qd1DOiau/.0;server=akswtt007000031;cloudType=Consumer;environment=Prod_francecentral_prod-s01-062-eur-francecentral;migrationStage=NotStarted Some updates remain.}
{"logTime": "0507/135426", "correlationVector":"JKrAyYrWnBVP+L1LaWrwfa","action":"Initial GetUpdates", "result":"", "context":Reason: NEWLY_SUPPORTED_DATATYPE. cV=JKrAyYrWnBVP+L1LaWrwfa}
{"logTime": "0507/135427", "correlationVector":"JKrAyYrWnBVP+L1LaWrwfa.1","action":"SyncServerConnectionManagerRequest", "result":"SYNC_SERVER_OK", "context":{"environment":"Prod_francecentral_prod-s01-062-eur-francecentral", "migrationStage":"NotStarted", "server":"akswtt007000000"}}
{"logTime": "0507/135427", "correlationVector":"JKrAyYrWnBVP+L1LaWrwfa.2","action":"ProcessGetUpdates", "result":"Done", "context":{"dataType":"History", "deleted":"0", "process_failed_to_decrypt":"0", "process_pending_decryption":"0", "process_success":"250", "total":"250"}}
{"logTime": "0507/135427", "correlationVector":"JKrAyYrWnBVP+L1LaWrwfa.3","action":"GetUpdates Response", "result":"Success", "context":Received 250 update(s). cV=JKrAyYrWnBVP+L1LaWrwfa.0;server=akswtt007000000;cloudType=Consumer;environment=Prod_francecentral_prod-s01-062-eur-francecentral;migrationStage=NotStarted Some updates remain.}
{"logTime": "0507/135427", "correlationVector":"BqUBdJrZpq3I3SjbRHc8De","action":"Initial GetUpdates", "result":"", "context":Reason: NEWLY_SUPPORTED_DATATYPE. cV=BqUBdJrZpq3I3SjbRHc8De}
{"logTime": "0507/135427", "correlationVector":"BqUBdJrZpq3I3SjbRHc8De.1","action":"SyncServerConnectionManagerRequest", "result":"SYNC_SERVER_OK", "context":{"environment":"Prod_francecentral_prod-s01-062-eur-francecentral", "migrationStage":"NotStarted", "server":"akswtt007000031"}}
{"logTime": "0507/135427", "correlationVector":"BqUBdJrZpq3I3SjbRHc8De.2","action":"ProcessGetUpdates", "result":"Done", "context":{"dataType":"History", "deleted":"0", "process_failed_to_decrypt":"0", "process_pending_decryption":"0", "process_success":"250", "total":"250"}}
{"logTime": "0507/135427", "correlationVector":"BqUBdJrZpq3I3SjbRHc8De.3","action":"GetUpdates Response", "result":"Success", "context":Received 250 update(s). cV=BqUBdJrZpq3I3SjbRHc8De.0;server=akswtt007000031;cloudType=Consumer;environment=Prod_francecentral_prod-s01-062-eur-francecentral;migrationStage=NotStarted Some updates remain.}
{"logTime": "0507/135427", "correlationVector":"altEFDITTRCLv32HilJUiv","action":"Initial GetUpdates", "result":"", "context":Reason: NEWLY_SUPPORTED_DATATYPE. cV=altEFDITTRCLv32HilJUiv}
{"logTime": "0507/135428", "correlationVector":"altEFDITTRCLv32HilJUiv.1","action":"SyncServerConnectionManagerRequest", "result":"SYNC_SERVER_OK", "context":{"environment":"Prod_francecentral_prod-s01-062-eur-francecentral", "migrationStage":"NotStarted", "server":"akswtt007000045"}}
{"logTime": "0507/135428", "correlationVector":"altEFDITTRCLv32HilJUiv.2","action":"ProcessGetUpdates", "result":"Done", "context":{"dataType":"History", "deleted":"0", "process_failed_to_decrypt":"0", "process_pending_decryption":"0", "process_success":"250", "total":"250"}}
{"logTime": "0507/135428", "correlationVector":"altEFDITTRCLv32HilJUiv.3","action":"GetUpdates Response", "result":"Success", "context":Received 250 update(s). cV=altEFDITTRCLv32HilJUiv.0;server=akswtt007000045;cloudType=Consumer;environment=Prod_francecentral_prod-s01-062-eur-francecentral;migrationStage=NotStarted Some updates remain.}
{"logTime": "0507/135428", "correlationVector":"3vWozyXpfapQyrcGZv93eb","action":"Initial GetUpdates", "result":"", "context":Reason: NEWLY_SUPPORTED_DATATYPE. cV=3vWozyXpfapQyrcGZv93eb}
{"logTime": "0507/135428", "correlationVector":"3vWozyXpfapQyrcGZv93eb.1","action":"SyncServerConnectionManagerRequest", "result":"SYNC_SERVER_OK", "context":{"environment":"Prod_francecentral_prod-s01-062-eur-francecentral", "migrationStage":"NotStarted", "server":"akswtt007000031"}}
{"logTime": "0507/135428", "correlationVector":"3vWozyXpfapQyrcGZv93eb.2","action":"ProcessGetUpdates", "result":"Done", "context":{"dataType":"History", "deleted":"0", "process_failed_to_decrypt":"0", "process_pending_decryption":"0", "process_success":"250", "total":"250"}}
{"logTime": "0507/135428", "correlationVector":"3vWozyXpfapQyrcGZv93eb.3","action":"GetUpdates Response", "result":"Success", "context":Received 250 update(s). cV=3vWozyXpfapQyrcGZv93eb.0;server=akswtt007000031;cloudType=Consumer;environment=Prod_francecentral_prod-s01-062-eur-francecentral;migrationStage=NotStarted Some updates remain.}
{"logTime": "0507/135428", "correlationVector":"PYu874dxtVHw4nlHUbMFPp","action":"Initial GetUpdates", "result":"", "context":Reason: NEWLY_SUPPORTED_DATATYPE. cV=PYu874dxtVHw4nlHUbMFPp}
{"logTime": "0507/135429", "correlationVector":"PYu874dxtVHw4nlHUbMFPp.1","action":"SyncServerConnectionManagerRequest", "result":"SYNC_SERVER_OK", "context":{"environment":"Prod_francecentral_prod-s01-062-eur-francecentral", "migrationStage":"NotStarted", "server":"akswtt00700000v"}}
{"logTime": "0507/135429", "correlationVector":"PYu874dxtVHw4nlHUbMFPp.2","action":"ProcessGetUpdates", "result":"Done", "context":{"dataType":"History", "deleted":"0", "process_failed_to_decrypt":"0", "process_pending_decryption":"0", "process_success":"250", "total":"250"}}
{"logTime": "0507/135429", "correlationVector":"PYu874dxtVHw4nlHUbMFPp.3","action":"GetUpdates Response", "result":"Success", "context":Received 250 update(s). cV=PYu874dxtVHw4nlHUbMFPp.0;server=akswtt00700000v;cloudType=Consumer;environment=Prod_francecentral_prod-s01-062-eur-francecentral;migrationStage=NotStarted Some updates remain.}
{"logTime": "0507/135429", "correlationVector":"OUab9q9cJNLzXe8/NKW8eI","action":"Initial GetUpdates", "result":"", "context":Reason: NEWLY_SUPPORTED_DATATYPE. cV=OUab9q9cJNLzXe8/NKW8eI}
{"logTime": "0507/135429", "correlationVector":"OUab9q9cJNLzXe8/NKW8eI.1","action":"SyncServerConnectionManagerRequest", "result":"SYNC_SERVER_OK", "context":{"environment":"Prod_francecentral_prod-s01-062-eur-francecentral", "migrationStage":"NotStarted", "server":"akswtt007000025"}}
{"logTime": "0507/135429", "correlationVector":"OUab9q9cJNLzXe8/NKW8eI.2","action":"ProcessGetUpdates", "result":"Done", "context":{"dataType":"History", "deleted":"0", "process_failed_to_decrypt":"0", "process_pending_decryption":"0", "process_success":"250", "total":"250"}}
{"logTime": "0507/135429", "correlationVector":"OUab9q9cJNLzXe8/NKW8eI.3","action":"GetUpdates Response", "result":"Success", "context":Received 250 update(s). cV=OUab9q9cJNLzXe8/NKW8eI.0;server=akswtt007000025;cloudType=Consumer;environment=Prod_francecentral_prod-s01-062-eur-francecentral;migrationStage=NotStarted Some updates remain.}
{"logTime": "0507/135429", "correlationVector":"7JVuI7b0QheVX6xseZQn/J","action":"Initial GetUpdates", "result":"", "context":Reason: NEWLY_SUPPORTED_DATATYPE. cV=7JVuI7b0QheVX6xseZQn/J}
{"logTime": "0507/135430", "correlationVector":"7JVuI7b0QheVX6xseZQn/J.1","action":"SyncServerConnectionManagerRequest", "result":"SYNC_SERVER_OK", "context":{"environment":"Prod_francecentral_prod-s01-062-eur-francecentral", "migrationStage":"NotStarted", "server":"akswtt00700004l"}}
{"logTime": "0507/135430", "correlationVector":"7JVuI7b0QheVX6xseZQn/J.2","action":"ProcessGetUpdates", "result":"Done", "context":{"dataType":"History", "deleted":"0", "process_failed_to_decrypt":"0", "process_pending_decryption":"0", "process_success":"250", "total":"250"}}
{"logTime": "0507/135430", "correlationVector":"7JVuI7b0QheVX6xseZQn/J.3","action":"GetUpdates Response", "result":"Success", "context":Received 250 update(s). cV=7JVuI7b0QheVX6xseZQn/J.0;server=akswtt00700004l;cloudType=Consumer;environment=Prod_francecentral_prod-s01-062-eur-francecentral;migrationStage=NotStarted Some updates remain.}
{"logTime": "0507/135430", "correlationVector":"XreJLCXmQ3GQAdB0RF0pSp","action":"Initial GetUpdates", "result":"", "context":Reason: NEWLY_SUPPORTED_DATATYPE. cV=XreJLCXmQ3GQAdB0RF0pSp}
{"logTime": "0507/135430", "correlationVector":"XreJLCXmQ3GQAdB0RF0pSp.1","action":"SyncServerConnectionManagerRequest", "result":"SYNC_SERVER_OK", "context":{"environment":"Prod_francecentral_prod-s01-062-eur-francecentral", "migrationStage":"NotStarted", "server":"akswtt00700004t"}}
{"logTime": "0507/135430", "correlationVector":"XreJLCXmQ3GQAdB0RF0pSp.2","action":"ProcessGetUpdates", "result":"Done", "context":{"dataType":"History", "deleted":"0", "process_failed_to_decrypt":"0", "process_pending_decryption":"0", "process_success":"250", "total":"250"}}
{"logTime": "0507/135430", "correlationVector":"XreJLCXmQ3GQAdB0RF0pSp.3","action":"GetUpdates Response", "result":"Success", "context":Received 250 update(s). cV=XreJLCXmQ3GQAdB0RF0pSp.0;server=akswtt00700004t;cloudType=Consumer;environment=Prod_francecentral_prod-s01-062-eur-francecentral;migrationStage=NotStarted Some updates remain.}
{"logTime": "0507/135430", "correlationVector":"Jtp3BayKkoTe7SVT3QX9ei","action":"Initial GetUpdates", "result":"", "context":Reason: NEWLY_SUPPORTED_DATATYPE. cV=Jtp3BayKkoTe7SVT3QX9ei}
{"logTime": "0507/135430", "correlationVector":"Jtp3BayKkoTe7SVT3QX9ei.1","action":"SyncServerConnectionManagerRequest", "result":"SYNC_SERVER_OK", "context":{"environment":"Prod_francecentral_prod-s01-062-eur-francecentral", "migrationStage":"NotStarted", "server":"akswtt007000031"}}
{"logTime": "0507/135430", "correlationVector":"Jtp3BayKkoTe7SVT3QX9ei.2","action":"ProcessGetUpdates", "result":"Done", "context":{"dataType":"History", "deleted":"0", "process_failed_to_decrypt":"0", "process_pending_decryption":"0", "process_success":"250", "total":"250"}}
{"logTime": "0507/135430", "correlationVector":"Jtp3BayKkoTe7SVT3QX9ei.3","action":"GetUpdates Response", "result":"Success", "context":Received 250 update(s). cV=Jtp3BayKkoTe7SVT3QX9ei.0;server=akswtt007000031;cloudType=Consumer;environment=Prod_francecentral_prod-s01-062-eur-francecentral;migrationStage=NotStarted Some updates remain.}
{"logTime": "0507/135430", "correlationVector":"ybUaO+GtwRPAsJ3mKMSXAX","action":"Initial GetUpdates", "result":"", "context":Reason: NEWLY_SUPPORTED_DATATYPE. cV=ybUaO+GtwRPAsJ3mKMSXAX}
{"logTime": "0507/135431", "correlationVector":"ybUaO+GtwRPAsJ3mKMSXAX.1","action":"SyncServerConnectionManagerRequest", "result":"SYNC_SERVER_OK", "context":{"environment":"Prod_francecentral_prod-s01-062-eur-francecentral", "migrationStage":"NotStarted", "server":"akswtt00700003a"}}
{"logTime": "0507/135431", "correlationVector":"ybUaO+GtwRPAsJ3mKMSXAX.2","action":"ProcessGetUpdates", "result":"Done", "context":{"dataType":"History", "deleted":"0", "process_failed_to_decrypt":"0", "process_pending_decryption":"0", "process_success":"250", "total":"250"}}
{"logTime": "0507/135431", "correlationVector":"ybUaO+GtwRPAsJ3mKMSXAX.3","action":"GetUpdates Response", "result":"Success", "context":Received 250 update(s). cV=ybUaO+GtwRPAsJ3mKMSXAX.0;server=akswtt00700003a;cloudType=Consumer;environment=Prod_francecentral_prod-s01-062-eur-francecentral;migrationStage=NotStarted Some updates remain.}
{"logTime": "0507/135431", "correlationVector":"f50DlX0m8o+/wKCysxquI2","action":"Initial GetUpdates", "result":"", "context":Reason: NEWLY_SUPPORTED_DATATYPE. cV=f50DlX0m8o+/wKCysxquI2}
{"logTime": "0507/135432", "correlationVector":"f50DlX0m8o+/wKCysxquI2.1","action":"SyncServerConnectionManagerRequest", "result":"SYNC_SERVER_OK", "context":{"environment":"Prod_francecentral_prod-s01-062-eur-francecentral", "migrationStage":"NotStarted", "server":"akswtt007000025"}}
{"logTime": "0507/135432", "correlationVector":"f50DlX0m8o+/wKCysxquI2.2","action":"ProcessGetUpdates", "result":"Done", "context":{"dataType":"History", "deleted":"0", "process_failed_to_decrypt":"0", "process_pending_decryption":"0", "process_success":"250", "total":"250"}}
{"logTime": "0507/135432", "correlationVector":"f50DlX0m8o+/wKCysxquI2.3","action":"GetUpdates Response", "result":"Success", "context":Received 250 update(s). cV=f50DlX0m8o+/wKCysxquI2.0;server=akswtt007000025;cloudType=Consumer;environment=Prod_francecentral_prod-s01-062-eur-francecentral;migrationStage=NotStarted Some updates remain.}
{"logTime": "0507/135432", "correlationVector":"nMgX1iJYdfRAJtdjRTcCjV","action":"Initial GetUpdates", "result":"", "context":Reason: NEWLY_SUPPORTED_DATATYPE. cV=nMgX1iJYdfRAJtdjRTcCjV}
{"logTime": "0507/135432", "correlationVector":"nMgX1iJYdfRAJtdjRTcCjV.1","action":"SyncServerConnectionManagerRequest", "result":"SYNC_SERVER_OK", "context":{"environment":"Prod_francecentral_prod-s01-062-eur-francecentral", "migrationStage":"NotStarted", "server":"akswtt00700001j"}}
{"logTime": "0507/135432", "correlationVector":"nMgX1iJYdfRAJtdjRTcCjV.2","action":"ProcessGetUpdates", "result":"Done", "context":{"dataType":"History", "deleted":"0", "process_failed_to_decrypt":"0", "process_pending_decryption":"0", "process_success":"250", "total":"250"}}
{"logTime": "0507/135432", "correlationVector":"nMgX1iJYdfRAJtdjRTcCjV.3","action":"GetUpdates Response", "result":"Success", "context":Received 250 update(s). cV=nMgX1iJYdfRAJtdjRTcCjV.0;server=akswtt00700001j;cloudType=Consumer;environment=Prod_francecentral_prod-s01-062-eur-francecentral;migrationStage=NotStarted Some updates remain.}
{"logTime": "0507/135432", "correlationVector":"Iw7BYljxrZlynptQdK0BOG","action":"Initial GetUpdates", "result":"", "context":Reason: NEWLY_SUPPORTED_DATATYPE. cV=Iw7BYljxrZlynptQdK0BOG}
{"logTime": "0507/135432", "correlationVector":"Iw7BYljxrZlynptQdK0BOG.1","action":"SyncServerConnectionManagerRequest", "result":"SYNC_SERVER_OK", "context":{"environment":"Prod_francecentral_prod-s01-062-eur-francecentral", "migrationStage":"NotStarted", "server":"akswtt00700003s"}}
{"logTime": "0507/135432", "correlationVector":"Iw7BYljxrZlynptQdK0BOG.2","action":"ProcessGetUpdates", "result":"Done", "context":{"dataType":"History", "deleted":"0", "process_failed_to_decrypt":"0", "process_pending_decryption":"0", "process_success":"250", "total":"250"}}
{"logTime": "0507/135432", "correlationVector":"Iw7BYljxrZlynptQdK0BOG.3","action":"GetUpdates Response", "result":"Success", "context":Received 250 update(s). cV=Iw7BYljxrZlynptQdK0BOG.0;server=akswtt00700003s;cloudType=Consumer;environment=Prod_francecentral_prod-s01-062-eur-francecentral;migrationStage=NotStarted Some updates remain.}
{"logTime": "0507/135432", "correlationVector":"8p8h1eBpndtgH7kFeNFIFP","action":"Initial GetUpdates", "result":"", "context":Reason: NEWLY_SUPPORTED_DATATYPE. cV=8p8h1eBpndtgH7kFeNFIFP}
{"logTime": "0507/135433", "correlationVector":"8p8h1eBpndtgH7kFeNFIFP.1","action":"SyncServerConnectionManagerRequest", "result":"SYNC_SERVER_OK", "context":{"environment":"Prod_francecentral_prod-s01-062-eur-francecentral", "migrationStage":"NotStarted", "server":"akswtt007000003"}}
{"logTime": "0507/135433", "correlationVector":"8p8h1eBpndtgH7kFeNFIFP.2","action":"ProcessGetUpdates", "result":"Done", "context":{"dataType":"History", "deleted":"0", "process_failed_to_decrypt":"0", "process_pending_decryption":"0", "process_success":"250", "total":"250"}}
{"logTime": "0507/135433", "correlationVector":"8p8h1eBpndtgH7kFeNFIFP.3","action":"GetUpdates Response", "result":"Success", "context":Received 250 update(s). cV=8p8h1eBpndtgH7kFeNFIFP.0;server=akswtt007000003;cloudType=Consumer;environment=Prod_francecentral_prod-s01-062-eur-francecentral;migrationStage=NotStarted Some updates remain.}
{"logTime": "0507/135433", "correlationVector":"i5QSjEO7Ot1k5yGLLwDlCH","action":"Initial GetUpdates", "result":"", "context":Reason: NEWLY_SUPPORTED_DATATYPE. cV=i5QSjEO7Ot1k5yGLLwDlCH}
{"logTime": "0507/135433", "correlationVector":"i5QSjEO7Ot1k5yGLLwDlCH.1","action":"SyncServerConnectionManagerRequest", "result":"SYNC_SERVER_OK", "context":{"environment":"Prod_francecentral_prod-s01-062-eur-francecentral", "migrationStage":"NotStarted", "server":"akswtt00700002e"}}
{"logTime": "0507/135433", "correlationVector":"i5QSjEO7Ot1k5yGLLwDlCH.2","action":"ProcessGetUpdates", "result":"Done", "context":{"dataType":"History", "deleted":"0", "process_failed_to_decrypt":"0", "process_pending_decryption":"0", "process_success":"250", "total":"250"}}
{"logTime": "0507/135433", "correlationVector":"i5QSjEO7Ot1k5yGLLwDlCH.3","action":"GetUpdates Response", "result":"Success", "context":Received 250 update(s). cV=i5QSjEO7Ot1k5yGLLwDlCH.0;server=akswtt00700002e;cloudType=Consumer;environment=Prod_francecentral_prod-s01-062-eur-francecentral;migrationStage=NotStarted Some updates remain.}
{"logTime": "0507/135433", "correlationVector":"KFlpfKe+URnmXCYQs7G9UC","action":"Initial GetUpdates", "result":"", "context":Reason: NEWLY_SUPPORTED_DATATYPE. cV=KFlpfKe+URnmXCYQs7G9UC}
{"logTime": "0507/135433", "correlationVector":"KFlpfKe+URnmXCYQs7G9UC.1","action":"SyncServerConnectionManagerRequest", "result":"SYNC_SERVER_OK", "context":{"environment":"Prod_francecentral_prod-s01-062-eur-francecentral", "migrationStage":"NotStarted", "server":"akswtt00700004e"}}
{"logTime": "0507/135433", "correlationVector":"KFlpfKe+URnmXCYQs7G9UC.2","action":"ProcessGetUpdates", "result":"Done", "context":{"dataType":"History", "deleted":"0", "process_failed_to_decrypt":"0", "process_pending_decryption":"0", "process_success":"250", "total":"250"}}
{"logTime": "0507/135433", "correlationVector":"KFlpfKe+URnmXCYQs7G9UC.3","action":"GetUpdates Response", "result":"Success", "context":Received 250 update(s). cV=KFlpfKe+URnmXCYQs7G9UC.0;server=akswtt00700004e;cloudType=Consumer;environment=Prod_francecentral_prod-s01-062-eur-francecentral;migrationStage=NotStarted Some updates remain.}
{"logTime": "0507/135433", "correlationVector":"5hF0GrsBb/uHLp9vYDtjf3","action":"Initial GetUpdates", "result":"", "context":Reason: NEWLY_SUPPORTED_DATATYPE. cV=5hF0GrsBb/uHLp9vYDtjf3}
{"logTime": "0507/135434", "correlationVector":"5hF0GrsBb/uHLp9vYDtjf3.1","action":"SyncServerConnectionManagerRequest", "result":"SYNC_SERVER_OK", "context":{"environment":"Prod_francecentral_prod-s01-062-eur-francecentral", "migrationStage":"NotStarted", "server":"akswtt00700000v"}}
{"logTime": "0507/135434", "correlationVector":"5hF0GrsBb/uHLp9vYDtjf3.2","action":"ProcessGetUpdates", "result":"Done", "context":{"dataType":"History", "deleted":"0", "process_failed_to_decrypt":"0", "process_pending_decryption":"0", "process_success":"250", "total":"250"}}
{"logTime": "0507/135434", "correlationVector":"5hF0GrsBb/uHLp9vYDtjf3.3","action":"GetUpdates Response", "result":"Success", "context":Received 250 update(s). cV=5hF0GrsBb/uHLp9vYDtjf3.0;server=akswtt00700000v;cloudType=Consumer;environment=Prod_francecentral_prod-s01-062-eur-francecentral;migrationStage=NotStarted Some updates remain.}
{"logTime": "0507/135434", "correlationVector":"YQ+Eae3T9VObAPOGI77Ygj","action":"Initial GetUpdates", "result":"", "context":Reason: NEWLY_SUPPORTED_DATATYPE. cV=YQ+Eae3T9VObAPOGI77Ygj}
{"logTime": "0507/135434", "correlationVector":"YQ+Eae3T9VObAPOGI77Ygj.1","action":"SyncServerConnectionManagerRequest", "result":"SYNC_SERVER_OK", "context":{"environment":"Prod_francecentral_prod-s01-062-eur-francecentral", "migrationStage":"NotStarted", "server":"akswtt00700004t"}}
{"logTime": "0507/135434", "correlationVector":"YQ+Eae3T9VObAPOGI77Ygj.2","action":"ProcessGetUpdates", "result":"Done", "context":{"dataType":"History", "deleted":"0", "process_failed_to_decrypt":"0", "process_pending_decryption":"0", "process_success":"250", "total":"250"}}
{"logTime": "0507/135434", "correlationVector":"YQ+Eae3T9VObAPOGI77Ygj.3","action":"GetUpdates Response", "result":"Success", "context":Received 250 update(s). cV=YQ+Eae3T9VObAPOGI77Ygj.0;server=akswtt00700004t;cloudType=Consumer;environment=Prod_francecentral_prod-s01-062-eur-francecentral;migrationStage=NotStarted Some updates remain.}
{"logTime": "0507/135434", "correlationVector":"gnGiuSBgkfbK/5bJ+msxdu","action":"Initial GetUpdates", "result":"", "context":Reason: NEWLY_SUPPORTED_DATATYPE. cV=gnGiuSBgkfbK/5bJ+msxdu}
{"logTime": "0507/135435", "correlationVector":"gnGiuSBgkfbK/5bJ+msxdu.1","action":"SyncServerConnectionManagerRequest", "result":"SYNC_SERVER_OK", "context":{"environment":"Prod_francecentral_prod-s01-062-eur-francecentral", "migrationStage":"NotStarted", "server":"akswtt00700002e"}}
{"logTime": "0507/135435", "correlationVector":"gnGiuSBgkfbK/5bJ+msxdu.2","action":"ProcessGetUpdates", "result":"Done", "context":{"dataType":"History", "deleted":"0", "process_failed_to_decrypt":"0", "process_pending_decryption":"0", "process_success":"250", "total":"250"}}
{"logTime": "0507/135435", "correlationVector":"gnGiuSBgkfbK/5bJ+msxdu.3","action":"GetUpdates Response", "result":"Success", "context":Received 250 update(s). cV=gnGiuSBgkfbK/5bJ+msxdu.0;server=akswtt00700002e;cloudType=Consumer;environment=Prod_francecentral_prod-s01-062-eur-francecentral;migrationStage=NotStarted Some updates remain.}
{"logTime": "0507/135435", "correlationVector":"fachaWcbFAPJem6Km2sRhZ","action":"Initial GetUpdates", "result":"", "context":Reason: NEWLY_SUPPORTED_DATATYPE. cV=fachaWcbFAPJem6Km2sRhZ}
{"logTime": "0507/135435", "correlationVector":"fachaWcbFAPJem6Km2sRhZ.1","action":"SyncServerConnectionManagerRequest", "result":"SYNC_SERVER_OK", "context":{"environment":"Prod_francecentral_prod-s01-062-eur-francecentral", "migrationStage":"NotStarted", "server":"akswtt00700000v"}}
{"logTime": "0507/135435", "correlationVector":"fachaWcbFAPJem6Km2sRhZ.2","action":"ProcessGetUpdates", "result":"Done", "context":{"dataType":"History", "deleted":"0", "process_failed_to_decrypt":"0", "process_pending_decryption":"0", "process_success":"250", "total":"250"}}
{"logTime": "0507/135435", "correlationVector":"fachaWcbFAPJem6Km2sRhZ.3","action":"GetUpdates Response", "result":"Success", "context":Received 250 update(s). cV=fachaWcbFAPJem6Km2sRhZ.0;server=akswtt00700000v;cloudType=Consumer;environment=Prod_francecentral_prod-s01-062-eur-francecentral;migrationStage=NotStarted Some updates remain.}
{"logTime": "0507/135435", "correlationVector":"h6zls8KZSG004Oo3KG4Az4","action":"Initial GetUpdates", "result":"", "context":Reason: NEWLY_SUPPORTED_DATATYPE. cV=h6zls8KZSG004Oo3KG4Az4}
{"logTime": "0507/135435", "correlationVector":"h6zls8KZSG004Oo3KG4Az4.1","action":"SyncServerConnectionManagerRequest", "result":"SYNC_SERVER_OK", "context":{"environment":"Prod_francecentral_prod-s01-062-eur-francecentral", "migrationStage":"NotStarted", "server":"akswtt007000000"}}
{"logTime": "0507/135435", "correlationVector":"h6zls8KZSG004Oo3KG4Az4.2","action":"ProcessGetUpdates", "result":"Done", "context":{"dataType":"History", "deleted":"0", "process_failed_to_decrypt":"0", "process_pending_decryption":"0", "process_success":"250", "total":"250"}}
{"logTime": "0507/135435", "correlationVector":"h6zls8KZSG004Oo3KG4Az4.3","action":"GetUpdates Response", "result":"Success", "context":Received 250 update(s). cV=h6zls8KZSG004Oo3KG4Az4.0;server=akswtt007000000;cloudType=Consumer;environment=Prod_francecentral_prod-s01-062-eur-francecentral;migrationStage=NotStarted Some updates remain.}
{"logTime": "0507/135435", "correlationVector":"4rF61hFrJdup/UZQuaAODa","action":"Initial GetUpdates", "result":"", "context":Reason: NEWLY_SUPPORTED_DATATYPE. cV=4rF61hFrJdup/UZQuaAODa}
{"logTime": "0507/135436", "correlationVector":"4rF61hFrJdup/UZQuaAODa.1","action":"SyncServerConnectionManagerRequest", "result":"SYNC_SERVER_OK", "context":{"environment":"Prod_francecentral_prod-s01-062-eur-francecentral", "migrationStage":"NotStarted", "server":"akswtt00700003a"}}
{"logTime": "0507/135436", "correlationVector":"4rF61hFrJdup/UZQuaAODa.2","action":"ProcessGetUpdates", "result":"Done", "context":{"dataType":"History", "deleted":"0", "process_failed_to_decrypt":"0", "process_pending_decryption":"0", "process_success":"250", "total":"250"}}
{"logTime": "0507/135436", "correlationVector":"4rF61hFrJdup/UZQuaAODa.3","action":"GetUpdates Response", "result":"Success", "context":Received 250 update(s). cV=4rF61hFrJdup/UZQuaAODa.0;server=akswtt00700003a;cloudType=Consumer;environment=Prod_francecentral_prod-s01-062-eur-francecentral;migrationStage=NotStarted Some updates remain.}
{"logTime": "0507/135436", "correlationVector":"008VO2k0jl2uBbC67W038Y","action":"Initial GetUpdates", "result":"", "context":Reason: NEWLY_SUPPORTED_DATATYPE. cV=008VO2k0jl2uBbC67W038Y}
{"logTime": "0507/135436", "correlationVector":"008VO2k0jl2uBbC67W038Y.1","action":"SyncServerConnectionManagerRequest", "result":"SYNC_SERVER_OK", "context":{"environment":"Prod_francecentral_prod-s01-062-eur-francecentral", "migrationStage":"NotStarted", "server":"akswtt007000000"}}
{"logTime": "0507/135436", "correlationVector":"008VO2k0jl2uBbC67W038Y.2","action":"ProcessGetUpdates", "result":"Done", "context":{"dataType":"History", "deleted":"0", "process_failed_to_decrypt":"0", "process_pending_decryption":"0", "process_success":"250", "total":"250"}}
{"logTime": "0507/135436", "correlationVector":"008VO2k0jl2uBbC67W038Y.3","action":"GetUpdates Response", "result":"Success", "context":Received 250 update(s). cV=008VO2k0jl2uBbC67W038Y.0;server=akswtt007000000;cloudType=Consumer;environment=Prod_francecentral_prod-s01-062-eur-francecentral;migrationStage=NotStarted Some updates remain.}
{"logTime": "0507/135436", "correlationVector":"0j/vZOtUVdAVD4GhiGSQ3e","action":"Initial GetUpdates", "result":"", "context":Reason: NEWLY_SUPPORTED_DATATYPE. cV=0j/vZOtUVdAVD4GhiGSQ3e}
{"logTime": "0507/135436", "correlationVector":"0j/vZOtUVdAVD4GhiGSQ3e.1","action":"SyncServerConnectionManagerRequest", "result":"SYNC_SERVER_OK", "context":{"environment":"Prod_francecentral_prod-s01-062-eur-francecentral", "migrationStage":"NotStarted", "server":"akswtt00700003a"}}
{"logTime": "0507/135436", "correlationVector":"0j/vZOtUVdAVD4GhiGSQ3e.2","action":"ProcessGetUpdates", "result":"Done", "context":{"dataType":"History", "deleted":"0", "process_failed_to_decrypt":"0", "process_pending_decryption":"0", "process_success":"250", "total":"250"}}
{"logTime": "0507/135436", "correlationVector":"0j/vZOtUVdAVD4GhiGSQ3e.3","action":"GetUpdates Response", "result":"Success", "context":Received 250 update(s). cV=0j/vZOtUVdAVD4GhiGSQ3e.0;server=akswtt00700003a;cloudType=Consumer;environment=Prod_francecentral_prod-s01-062-eur-francecentral;migrationStage=NotStarted Some updates remain.}
{"logTime": "0507/135436", "correlationVector":"+w18hSYYAvUd+VxWloLczN","action":"Initial GetUpdates", "result":"", "context":Reason: NEWLY_SUPPORTED_DATATYPE. cV=+w18hSYYAvUd+VxWloLczN}
{"logTime": "0507/135437", "correlationVector":"+w18hSYYAvUd+VxWloLczN.1","action":"SyncServerConnectionManagerRequest", "result":"SYNC_SERVER_OK", "context":{"environment":"Prod_francecentral_prod-s01-062-eur-francecentral", "migrationStage":"NotStarted", "server":"akswtt00700002s"}}
{"logTime": "0507/135437", "correlationVector":"+w18hSYYAvUd+VxWloLczN.2","action":"ProcessGetUpdates", "result":"Done", "context":{"dataType":"History", "deleted":"0", "process_failed_to_decrypt":"0", "process_pending_decryption":"0", "process_success":"250", "total":"250"}}
{"logTime": "0507/135437", "correlationVector":"+w18hSYYAvUd+VxWloLczN.3","action":"GetUpdates Response", "result":"Success", "context":Received 250 update(s). cV=+w18hSYYAvUd+VxWloLczN.0;server=akswtt00700002s;cloudType=Consumer;environment=Prod_francecentral_prod-s01-062-eur-francecentral;migrationStage=NotStarted Some updates remain.}
{"logTime": "0507/135437", "correlationVector":"p+jzepFJ/QzGJGYW4E/Sbv","action":"Initial GetUpdates", "result":"", "context":Reason: NEWLY_SUPPORTED_DATATYPE. cV=p+jzepFJ/QzGJGYW4E/Sbv}
{"logTime": "0507/135437", "correlationVector":"p+jzepFJ/QzGJGYW4E/Sbv.1","action":"SyncServerConnectionManagerRequest", "result":"SYNC_SERVER_OK", "context":{"environment":"Prod_francecentral_prod-s01-062-eur-francecentral", "migrationStage":"NotStarted", "server":"akswtt00700002e"}}
{"logTime": "0507/135437", "correlationVector":"p+jzepFJ/QzGJGYW4E/Sbv.2","action":"ProcessGetUpdates", "result":"Done", "context":{"dataType":"History", "deleted":"0", "process_failed_to_decrypt":"0", "process_pending_decryption":"0", "process_success":"250", "total":"250"}}
{"logTime": "0507/135437", "correlationVector":"p+jzepFJ/QzGJGYW4E/Sbv.3","action":"GetUpdates Response", "result":"Success", "context":Received 250 update(s). cV=p+jzepFJ/QzGJGYW4E/Sbv.0;server=akswtt00700002e;cloudType=Consumer;environment=Prod_francecentral_prod-s01-062-eur-francecentral;migrationStage=NotStarted Some updates remain.}
{"logTime": "0507/135437", "correlationVector":"nQq15UL+vVCmsabBNAuSNi","action":"Initial GetUpdates", "result":"", "context":Reason: NEWLY_SUPPORTED_DATATYPE. cV=nQq15UL+vVCmsabBNAuSNi}
{"logTime": "0507/135438", "correlationVector":"nQq15UL+vVCmsabBNAuSNi.1","action":"SyncServerConnectionManagerRequest", "result":"SYNC_SERVER_OK", "context":{"environment":"Prod_francecentral_prod-s01-062-eur-francecentral", "migrationStage":"NotStarted", "server":"akswtt007000045"}}
{"logTime": "0507/135438", "correlationVector":"nQq15UL+vVCmsabBNAuSNi.2","action":"ProcessGetUpdates", "result":"Done", "context":{"dataType":"History", "deleted":"0", "process_failed_to_decrypt":"0", "process_pending_decryption":"0", "process_success":"250", "total":"250"}}
{"logTime": "0507/135438", "correlationVector":"nQq15UL+vVCmsabBNAuSNi.3","action":"GetUpdates Response", "result":"Success", "context":Received 250 update(s). cV=nQq15UL+vVCmsabBNAuSNi.0;server=akswtt007000045;cloudType=Consumer;environment=Prod_francecentral_prod-s01-062-eur-francecentral;migrationStage=NotStarted Some updates remain.}
{"logTime": "0507/135438", "correlationVector":"7MuxGKYG2sf8Xy7BglA0+2","action":"Initial GetUpdates", "result":"", "context":Reason: NEWLY_SUPPORTED_DATATYPE. cV=7MuxGKYG2sf8Xy7BglA0+2}
{"logTime": "0507/135438", "correlationVector":"7MuxGKYG2sf8Xy7BglA0+2.1","action":"SyncServerConnectionManagerRequest", "result":"SYNC_SERVER_OK", "context":{"environment":"Prod_francecentral_prod-s01-062-eur-francecentral", "migrationStage":"NotStarted", "server":"akswtt00700004l"}}
{"logTime": "0507/135438", "correlationVector":"7MuxGKYG2sf8Xy7BglA0+2.2","action":"ProcessGetUpdates", "result":"Done", "context":{"dataType":"History", "deleted":"0", "process_failed_to_decrypt":"0", "process_pending_decryption":"0", "process_success":"250", "total":"250"}}
{"logTime": "0507/135438", "correlationVector":"7MuxGKYG2sf8Xy7BglA0+2.3","action":"GetUpdates Response", "result":"Success", "context":Received 250 update(s). cV=7MuxGKYG2sf8Xy7BglA0+2.0;server=akswtt00700004l;cloudType=Consumer;environment=Prod_francecentral_prod-s01-062-eur-francecentral;migrationStage=NotStarted Some updates remain.}
{"logTime": "0507/135438", "correlationVector":"0CsGlY8C/1ofaNsNIIyI60","action":"Initial GetUpdates", "result":"", "context":Reason: NEWLY_SUPPORTED_DATATYPE. cV=0CsGlY8C/1ofaNsNIIyI60}
{"logTime": "0507/135438", "correlationVector":"0CsGlY8C/1ofaNsNIIyI60.1","action":"SyncServerConnectionManagerRequest", "result":"SYNC_SERVER_OK", "context":{"environment":"Prod_francecentral_prod-s01-062-eur-francecentral", "migrationStage":"NotStarted", "server":"akswtt00700004e"}}
{"logTime": "0507/135438", "correlationVector":"0CsGlY8C/1ofaNsNIIyI60.2","action":"ProcessGetUpdates", "result":"Done", "context":{"dataType":"History", "deleted":"0", "process_failed_to_decrypt":"0", "process_pending_decryption":"0", "process_success":"250", "total":"250"}}
{"logTime": "0507/135438", "correlationVector":"0CsGlY8C/1ofaNsNIIyI60.3","action":"GetUpdates Response", "result":"Success", "context":Received 250 update(s). cV=0CsGlY8C/1ofaNsNIIyI60.0;server=akswtt00700004e;cloudType=Consumer;environment=Prod_francecentral_prod-s01-062-eur-francecentral;migrationStage=NotStarted Some updates remain.}
{"logTime": "0507/135438", "correlationVector":"Q8ZWJbJvLeJ4HWWpl9+TqX","action":"Initial GetUpdates", "result":"", "context":Reason: NEWLY_SUPPORTED_DATATYPE. cV=Q8ZWJbJvLeJ4HWWpl9+TqX}
{"logTime": "0507/135439", "correlationVector":"Q8ZWJbJvLeJ4HWWpl9+TqX.1","action":"SyncServerConnectionManagerRequest", "result":"SYNC_SERVER_OK", "context":{"environment":"Prod_francecentral_prod-s01-062-eur-francecentral", "migrationStage":"NotStarted", "server":"akswtt007000000"}}
{"logTime": "0507/135439", "correlationVector":"Q8ZWJbJvLeJ4HWWpl9+TqX.2","action":"ProcessGetUpdates", "result":"Done", "context":{"dataType":"History", "deleted":"0", "process_failed_to_decrypt":"0", "process_pending_decryption":"0", "process_success":"250", "total":"250"}}
{"logTime": "0507/135439", "correlationVector":"Q8ZWJbJvLeJ4HWWpl9+TqX.3","action":"GetUpdates Response", "result":"Success", "context":Received 250 update(s). cV=Q8ZWJbJvLeJ4HWWpl9+TqX.0;server=akswtt007000000;cloudType=Consumer;environment=Prod_francecentral_prod-s01-062-eur-francecentral;migrationStage=NotStarted Some updates remain.}
{"logTime": "0507/135439", "correlationVector":"CSrP0rNGEGH7Z3W3D2vh99","action":"Initial GetUpdates", "result":"", "context":Reason: NEWLY_SUPPORTED_DATATYPE. cV=CSrP0rNGEGH7Z3W3D2vh99}
{"logTime": "0507/135439", "correlationVector":"CSrP0rNGEGH7Z3W3D2vh99.1","action":"SyncServerConnectionManagerRequest", "result":"SYNC_SERVER_OK", "context":{"environment":"Prod_francecentral_prod-s01-062-eur-francecentral", "migrationStage":"NotStarted", "server":"akswtt00700003q"}}
{"logTime": "0507/135439", "correlationVector":"CSrP0rNGEGH7Z3W3D2vh99.2","action":"ProcessGetUpdates", "result":"Done", "context":{"dataType":"History", "deleted":"0", "process_failed_to_decrypt":"0", "process_pending_decryption":"0", "process_success":"250", "total":"250"}}
{"logTime": "0507/135439", "correlationVector":"CSrP0rNGEGH7Z3W3D2vh99.3","action":"GetUpdates Response", "result":"Success", "context":Received 250 update(s). cV=CSrP0rNGEGH7Z3W3D2vh99.0;server=akswtt00700003q;cloudType=Consumer;environment=Prod_francecentral_prod-s01-062-eur-francecentral;migrationStage=NotStarted Some updates remain.}
{"logTime": "0507/135439", "correlationVector":"cw6QEFX5Z9s6VGYRvTkJKi","action":"Initial GetUpdates", "result":"", "context":Reason: NEWLY_SUPPORTED_DATATYPE. cV=cw6QEFX5Z9s6VGYRvTkJKi}
{"logTime": "0507/135440", "correlationVector":"cw6QEFX5Z9s6VGYRvTkJKi.1","action":"SyncServerConnectionManagerRequest", "result":"SYNC_SERVER_OK", "context":{"environment":"Prod_francecentral_prod-s01-062-eur-francecentral", "migrationStage":"NotStarted", "server":"akswtt00700001j"}}
{"logTime": "0507/135440", "correlationVector":"cw6QEFX5Z9s6VGYRvTkJKi.2","action":"ProcessGetUpdates", "result":"Done", "context":{"dataType":"History", "deleted":"0", "process_failed_to_decrypt":"0", "process_pending_decryption":"0", "process_success":"250", "total":"250"}}
{"logTime": "0507/135440", "correlationVector":"cw6QEFX5Z9s6VGYRvTkJKi.3","action":"GetUpdates Response", "result":"Success", "context":Received 250 update(s). cV=cw6QEFX5Z9s6VGYRvTkJKi.0;server=akswtt00700001j;cloudType=Consumer;environment=Prod_francecentral_prod-s01-062-eur-francecentral;migrationStage=NotStarted Some updates remain.}
{"logTime": "0507/135440", "correlationVector":"zgAquH+XmaYerMaG48QNAX","action":"Initial GetUpdates", "result":"", "context":Reason: NEWLY_SUPPORTED_DATATYPE. cV=zgAquH+XmaYerMaG48QNAX}
{"logTime": "0507/135440", "correlationVector":"zgAquH+XmaYerMaG48QNAX.1","action":"SyncServerConnectionManagerRequest", "result":"SYNC_SERVER_OK", "context":{"environment":"Prod_francecentral_prod-s01-062-eur-francecentral", "migrationStage":"NotStarted", "server":"akswtt007000000"}}
{"logTime": "0507/135440", "correlationVector":"zgAquH+XmaYerMaG48QNAX.2","action":"ProcessGetUpdates", "result":"Done", "context":{"dataType":"History", "deleted":"0", "process_failed_to_decrypt":"0", "process_pending_decryption":"0", "process_success":"250", "total":"250"}}
{"logTime": "0507/135440", "correlationVector":"zgAquH+XmaYerMaG48QNAX.3","action":"GetUpdates Response", "result":"Success", "context":Received 250 update(s). cV=zgAquH+XmaYerMaG48QNAX.0;server=akswtt007000000;cloudType=Consumer;environment=Prod_francecentral_prod-s01-062-eur-francecentral;migrationStage=NotStarted Some updates remain.}
{"logTime": "0507/135440", "correlationVector":"kUc/jsZIWdNzsnaD9pMoJc","action":"Initial GetUpdates", "result":"", "context":Reason: NEWLY_SUPPORTED_DATATYPE. cV=kUc/jsZIWdNzsnaD9pMoJc}
{"logTime": "0507/135440", "correlationVector":"kUc/jsZIWdNzsnaD9pMoJc.1","action":"SyncServerConnectionManagerRequest", "result":"SYNC_SERVER_OK", "context":{"environment":"Prod_francecentral_prod-s01-062-eur-francecentral", "migrationStage":"NotStarted", "server":"akswtt007000025"}}
{"logTime": "0507/135440", "correlationVector":"kUc/jsZIWdNzsnaD9pMoJc.2","action":"ProcessGetUpdates", "result":"Done", "context":{"dataType":"History", "deleted":"0", "process_failed_to_decrypt":"0", "process_pending_decryption":"0", "process_success":"250", "total":"250"}}
{"logTime": "0507/135440", "correlationVector":"kUc/jsZIWdNzsnaD9pMoJc.3","action":"GetUpdates Response", "result":"Success", "context":Received 250 update(s). cV=kUc/jsZIWdNzsnaD9pMoJc.0;server=akswtt007000025;cloudType=Consumer;environment=Prod_francecentral_prod-s01-062-eur-francecentral;migrationStage=NotStarted Some updates remain.}
{"logTime": "0507/135440", "correlationVector":"RAvhNFATT9vAfh2Q7V+n4v","action":"Initial GetUpdates", "result":"", "context":Reason: NEWLY_SUPPORTED_DATATYPE. cV=RAvhNFATT9vAfh2Q7V+n4v}
{"logTime": "0507/135441", "correlationVector":"RAvhNFATT9vAfh2Q7V+n4v.1","action":"SyncServerConnectionManagerRequest", "result":"SYNC_SERVER_OK", "context":{"environment":"Prod_francecentral_prod-s01-062-eur-francecentral", "migrationStage":"NotStarted", "server":"akswtt007000031"}}
{"logTime": "0507/135441", "correlationVector":"RAvhNFATT9vAfh2Q7V+n4v.2","action":"ProcessGetUpdates", "result":"Done", "context":{"dataType":"History", "deleted":"0", "process_failed_to_decrypt":"0", "process_pending_decryption":"0", "process_success":"250", "total":"250"}}
{"logTime": "0507/135441", "correlationVector":"RAvhNFATT9vAfh2Q7V+n4v.3","action":"GetUpdates Response", "result":"Success", "context":Received 250 update(s). cV=RAvhNFATT9vAfh2Q7V+n4v.0;server=akswtt007000031;cloudType=Consumer;environment=Prod_francecentral_prod-s01-062-eur-francecentral;migrationStage=NotStarted Some updates remain.}
{"logTime": "0507/135441", "correlationVector":"5HhhaZfZ1tu4z/yfxQFJlJ","action":"Initial GetUpdates", "result":"", "context":Reason: NEWLY_SUPPORTED_DATATYPE. cV=5HhhaZfZ1tu4z/yfxQFJlJ}
{"logTime": "0507/135441", "correlationVector":"5HhhaZfZ1tu4z/yfxQFJlJ.1","action":"SyncServerConnectionManagerRequest", "result":"SYNC_SERVER_OK", "context":{"environment":"Prod_francecentral_prod-s01-062-eur-francecentral", "migrationStage":"NotStarted", "server":"akswtt007000025"}}
{"logTime": "0507/135441", "correlationVector":"5HhhaZfZ1tu4z/yfxQFJlJ.2","action":"ProcessGetUpdates", "result":"Done", "context":{"dataType":"History", "deleted":"0", "process_failed_to_decrypt":"0", "process_pending_decryption":"0", "process_success":"250", "total":"250"}}
{"logTime": "0507/135441", "correlationVector":"5HhhaZfZ1tu4z/yfxQFJlJ.3","action":"GetUpdates Response", "result":"Success", "context":Received 250 update(s). cV=5HhhaZfZ1tu4z/yfxQFJlJ.0;server=akswtt007000025;cloudType=Consumer;environment=Prod_francecentral_prod-s01-062-eur-francecentral;migrationStage=NotStarted Some updates remain.}
{"logTime": "0507/135441", "correlationVector":"pA/iBUSh5ty5bZxBu366uT","action":"Initial GetUpdates", "result":"", "context":Reason: NEWLY_SUPPORTED_DATATYPE. cV=pA/iBUSh5ty5bZxBu366uT}
{"logTime": "0507/135442", "correlationVector":"pA/iBUSh5ty5bZxBu366uT.1","action":"SyncServerConnectionManagerRequest", "result":"SYNC_SERVER_OK", "context":{"environment":"Prod_francecentral_prod-s01-062-eur-francecentral", "migrationStage":"NotStarted", "server":"akswtt00700004e"}}
{"logTime": "0507/135442", "correlationVector":"pA/iBUSh5ty5bZxBu366uT.2","action":"ProcessGetUpdates", "result":"Done", "context":{"dataType":"History", "deleted":"0", "process_failed_to_decrypt":"0", "process_pending_decryption":"0", "process_success":"250", "total":"250"}}
{"logTime": "0507/135442", "correlationVector":"pA/iBUSh5ty5bZxBu366uT.3","action":"GetUpdates Response", "result":"Success", "context":Received 250 update(s). cV=pA/iBUSh5ty5bZxBu366uT.0;server=akswtt00700004e;cloudType=Consumer;environment=Prod_francecentral_prod-s01-062-eur-francecentral;migrationStage=NotStarted Some updates remain.}
{"logTime": "0507/135442", "correlationVector":"2JApISR7ITF2kIMI+3IXOH","action":"Initial GetUpdates", "result":"", "context":Reason: NEWLY_SUPPORTED_DATATYPE. cV=2JApISR7ITF2kIMI+3IXOH}
{"logTime": "0507/135442", "correlationVector":"2JApISR7ITF2kIMI+3IXOH.1","action":"SyncServerConnectionManagerRequest", "result":"SYNC_SERVER_OK", "context":{"environment":"Prod_francecentral_prod-s01-062-eur-francecentral", "migrationStage":"NotStarted", "server":"akswtt00700000c"}}
{"logTime": "0507/135442", "correlationVector":"2JApISR7ITF2kIMI+3IXOH.2","action":"ProcessGetUpdates", "result":"Done", "context":{"dataType":"History", "deleted":"0", "process_failed_to_decrypt":"0", "process_pending_decryption":"0", "process_success":"250", "total":"250"}}
{"logTime": "0507/135442", "correlationVector":"2JApISR7ITF2kIMI+3IXOH.3","action":"GetUpdates Response", "result":"Success", "context":Received 250 update(s). cV=2JApISR7ITF2kIMI+3IXOH.0;server=akswtt00700000c;cloudType=Consumer;environment=Prod_francecentral_prod-s01-062-eur-francecentral;migrationStage=NotStarted Some updates remain.}
{"logTime": "0507/135442", "correlationVector":"ACjJYG36jGCOKDbQfFZceN","action":"Initial GetUpdates", "result":"", "context":Reason: NEWLY_SUPPORTED_DATATYPE. cV=ACjJYG36jGCOKDbQfFZceN}
{"logTime": "0507/135443", "correlationVector":"ACjJYG36jGCOKDbQfFZceN.1","action":"SyncServerConnectionManagerRequest", "result":"SYNC_SERVER_OK", "context":{"environment":"Prod_francecentral_prod-s01-062-eur-francecentral", "migrationStage":"NotStarted", "server":"akswtt007000000"}}
{"logTime": "0507/135443", "correlationVector":"ACjJYG36jGCOKDbQfFZceN.2","action":"ProcessGetUpdates", "result":"Done", "context":{"dataType":"History", "deleted":"0", "process_failed_to_decrypt":"0", "process_pending_decryption":"0", "process_success":"250", "total":"250"}}
{"logTime": "0507/135443", "correlationVector":"ACjJYG36jGCOKDbQfFZceN.3","action":"GetUpdates Response", "result":"Success", "context":Received 250 update(s). cV=ACjJYG36jGCOKDbQfFZceN.0;server=akswtt007000000;cloudType=Consumer;environment=Prod_francecentral_prod-s01-062-eur-francecentral;migrationStage=NotStarted Some updates remain.}
{"logTime": "0507/135443", "correlationVector":"LyDrNZA0/Twkb0W1Oa302J","action":"Initial GetUpdates", "result":"", "context":Reason: NEWLY_SUPPORTED_DATATYPE. cV=LyDrNZA0/Twkb0W1Oa302J}
{"logTime": "0507/135443", "correlationVector":"LyDrNZA0/Twkb0W1Oa302J.1","action":"SyncServerConnectionManagerRequest", "result":"SYNC_SERVER_OK", "context":{"environment":"Prod_francecentral_prod-s01-062-eur-francecentral", "migrationStage":"NotStarted", "server":"akswtt00700002e"}}
{"logTime": "0507/135443", "correlationVector":"LyDrNZA0/Twkb0W1Oa302J.2","action":"ProcessGetUpdates", "result":"Done", "context":{"dataType":"History", "deleted":"0", "process_failed_to_decrypt":"0", "process_pending_decryption":"0", "process_success":"250", "total":"250"}}
{"logTime": "0507/135443", "correlationVector":"LyDrNZA0/Twkb0W1Oa302J.3","action":"GetUpdates Response", "result":"Success", "context":Received 250 update(s). cV=LyDrNZA0/Twkb0W1Oa302J.0;server=akswtt00700002e;cloudType=Consumer;environment=Prod_francecentral_prod-s01-062-eur-francecentral;migrationStage=NotStarted Some updates remain.}
{"logTime": "0507/135443", "correlationVector":"dtzdMYxAbsmU/xzZ3Pi2Zg","action":"Initial GetUpdates", "result":"", "context":Reason: NEWLY_SUPPORTED_DATATYPE. cV=dtzdMYxAbsmU/xzZ3Pi2Zg}
{"logTime": "0507/135444", "correlationVector":"dtzdMYxAbsmU/xzZ3Pi2Zg.1","action":"SyncServerConnectionManagerRequest", "result":"SYNC_SERVER_OK", "context":{"environment":"Prod_francecentral_prod-s01-062-eur-francecentral", "migrationStage":"NotStarted", "server":"akswtt007000031"}}
{"logTime": "0507/135444", "correlationVector":"dtzdMYxAbsmU/xzZ3Pi2Zg.2","action":"ProcessGetUpdates", "result":"Done", "context":{"dataType":"History", "deleted":"0", "process_failed_to_decrypt":"0", "process_pending_decryption":"0", "process_success":"250", "total":"250"}}
{"logTime": "0507/135444", "correlationVector":"dtzdMYxAbsmU/xzZ3Pi2Zg.3","action":"GetUpdates Response", "result":"Success", "context":Received 250 update(s). cV=dtzdMYxAbsmU/xzZ3Pi2Zg.0;server=akswtt007000031;cloudType=Consumer;environment=Prod_francecentral_prod-s01-062-eur-francecentral;migrationStage=NotStarted Some updates remain.}
{"logTime": "0507/135444", "correlationVector":"CHXq3UucMiksgtkZnsTRgw","action":"Initial GetUpdates", "result":"", "context":Reason: NEWLY_SUPPORTED_DATATYPE. cV=CHXq3UucMiksgtkZnsTRgw}
{"logTime": "0507/135444", "correlationVector":"CHXq3UucMiksgtkZnsTRgw.1","action":"SyncServerConnectionManagerRequest", "result":"SYNC_SERVER_OK", "context":{"environment":"Prod_francecentral_prod-s01-062-eur-francecentral", "migrationStage":"NotStarted", "server":"akswtt00700002v"}}
{"logTime": "0507/135444", "correlationVector":"CHXq3UucMiksgtkZnsTRgw.2","action":"ProcessGetUpdates", "result":"Done", "context":{"dataType":"History", "deleted":"0", "process_failed_to_decrypt":"0", "process_pending_decryption":"0", "process_success":"250", "total":"250"}}
{"logTime": "0507/135444", "correlationVector":"CHXq3UucMiksgtkZnsTRgw.3","action":"GetUpdates Response", "result":"Success", "context":Received 250 update(s). cV=CHXq3UucMiksgtkZnsTRgw.0;server=akswtt00700002v;cloudType=Consumer;environment=Prod_francecentral_prod-s01-062-eur-francecentral;migrationStage=NotStarted Some updates remain.}
{"logTime": "0507/135444", "correlationVector":"XadSpWLVPUgN9VoSg3y4Rc","action":"Initial GetUpdates", "result":"", "context":Reason: NEWLY_SUPPORTED_DATATYPE. cV=XadSpWLVPUgN9VoSg3y4Rc}
{"logTime": "0507/135445", "correlationVector":"XadSpWLVPUgN9VoSg3y4Rc.1","action":"SyncServerConnectionManagerRequest", "result":"SYNC_SERVER_OK", "context":{"environment":"Prod_francecentral_prod-s01-062-eur-francecentral", "migrationStage":"NotStarted", "server":"akswtt007000019"}}
{"logTime": "0507/135445", "correlationVector":"XadSpWLVPUgN9VoSg3y4Rc.2","action":"ProcessGetUpdates", "result":"Done", "context":{"dataType":"History", "deleted":"0", "process_failed_to_decrypt":"0", "process_pending_decryption":"0", "process_success":"250", "total":"250"}}
{"logTime": "0507/135445", "correlationVector":"XadSpWLVPUgN9VoSg3y4Rc.3","action":"GetUpdates Response", "result":"Success", "context":Received 250 update(s). cV=XadSpWLVPUgN9VoSg3y4Rc.0;server=akswtt007000019;cloudType=Consumer;environment=Prod_francecentral_prod-s01-062-eur-francecentral;migrationStage=NotStarted Some updates remain.}
{"logTime": "0507/135445", "correlationVector":"ThsuTipLB+TAk7YpZX381I","action":"Initial GetUpdates", "result":"", "context":Reason: NEWLY_SUPPORTED_DATATYPE. cV=ThsuTipLB+TAk7YpZX381I}
{"logTime": "0507/135445", "correlationVector":"ThsuTipLB+TAk7YpZX381I.1","action":"SyncServerConnectionManagerRequest", "result":"SYNC_SERVER_OK", "context":{"environment":"Prod_francecentral_prod-s01-062-eur-francecentral", "migrationStage":"NotStarted", "server":"akswtt00700004e"}}
{"logTime": "0507/135445", "correlationVector":"ThsuTipLB+TAk7YpZX381I.2","action":"ProcessGetUpdates", "result":"Done", "context":{"dataType":"History", "deleted":"0", "process_failed_to_decrypt":"0", "process_pending_decryption":"0", "process_success":"250", "total":"250"}}
{"logTime": "0507/135445", "correlationVector":"ThsuTipLB+TAk7YpZX381I.3","action":"GetUpdates Response", "result":"Success", "context":Received 250 update(s). cV=ThsuTipLB+TAk7YpZX381I.0;server=akswtt00700004e;cloudType=Consumer;environment=Prod_francecentral_prod-s01-062-eur-francecentral;migrationStage=NotStarted Some updates remain.}
{"logTime": "0507/135445", "correlationVector":"XxRUygC+HM0pzad3XxhCS5","action":"Initial GetUpdates", "result":"", "context":Reason: NEWLY_SUPPORTED_DATATYPE. cV=XxRUygC+HM0pzad3XxhCS5}
{"logTime": "0507/135445", "correlationVector":"XxRUygC+HM0pzad3XxhCS5.1","action":"SyncServerConnectionManagerRequest", "result":"SYNC_SERVER_OK", "context":{"environment":"Prod_francecentral_prod-s01-062-eur-francecentral", "migrationStage":"NotStarted", "server":"akswtt00700003q"}}
{"logTime": "0507/135445", "correlationVector":"XxRUygC+HM0pzad3XxhCS5.2","action":"ProcessGetUpdates", "result":"Done", "context":{"dataType":"History", "deleted":"0", "process_failed_to_decrypt":"0", "process_pending_decryption":"0", "process_success":"250", "total":"250"}}
{"logTime": "0507/135445", "correlationVector":"XxRUygC+HM0pzad3XxhCS5.3","action":"GetUpdates Response", "result":"Success", "context":Received 250 update(s). cV=XxRUygC+HM0pzad3XxhCS5.0;server=akswtt00700003q;cloudType=Consumer;environment=Prod_francecentral_prod-s01-062-eur-francecentral;migrationStage=NotStarted Some updates remain.}
{"logTime": "0507/135445", "correlationVector":"ncbcws2j18/hl30XF8N1B8","action":"Initial GetUpdates", "result":"", "context":Reason: NEWLY_SUPPORTED_DATATYPE. cV=ncbcws2j18/hl30XF8N1B8}
{"logTime": "0507/135446", "correlationVector":"ncbcws2j18/hl30XF8N1B8.1","action":"SyncServerConnectionManagerRequest", "result":"SYNC_SERVER_OK", "context":{"environment":"Prod_francecentral_prod-s01-062-eur-francecentral", "migrationStage":"NotStarted", "server":"akswtt007000003"}}
{"logTime": "0507/135446", "correlationVector":"ncbcws2j18/hl30XF8N1B8.2","action":"ProcessGetUpdates", "result":"Done", "context":{"dataType":"History", "deleted":"0", "process_failed_to_decrypt":"0", "process_pending_decryption":"0", "process_success":"250", "total":"250"}}
{"logTime": "0507/135446", "correlationVector":"ncbcws2j18/hl30XF8N1B8.3","action":"GetUpdates Response", "result":"Success", "context":Received 250 update(s). cV=ncbcws2j18/hl30XF8N1B8.0;server=akswtt007000003;cloudType=Consumer;environment=Prod_francecentral_prod-s01-062-eur-francecentral;migrationStage=NotStarted Some updates remain.}
{"logTime": "0507/135446", "correlationVector":"dYBfPkUDr41+aU+Tbjv5XP","action":"Initial GetUpdates", "result":"", "context":Reason: NEWLY_SUPPORTED_DATATYPE. cV=dYBfPkUDr41+aU+Tbjv5XP}
{"logTime": "0507/135446", "correlationVector":"dYBfPkUDr41+aU+Tbjv5XP.1","action":"SyncServerConnectionManagerRequest", "result":"SYNC_SERVER_OK", "context":{"environment":"Prod_francecentral_prod-s01-062-eur-francecentral", "migrationStage":"NotStarted", "server":"akswtt00700004l"}}
{"logTime": "0507/135446", "correlationVector":"dYBfPkUDr41+aU+Tbjv5XP.2","action":"ProcessGetUpdates", "result":"Done", "context":{"dataType":"History", "deleted":"0", "process_failed_to_decrypt":"0", "process_pending_decryption":"0", "process_success":"250", "total":"250"}}
{"logTime": "0507/135446", "correlationVector":"dYBfPkUDr41+aU+Tbjv5XP.3","action":"GetUpdates Response", "result":"Success", "context":Received 250 update(s). cV=dYBfPkUDr41+aU+Tbjv5XP.0;server=akswtt00700004l;cloudType=Consumer;environment=Prod_francecentral_prod-s01-062-eur-francecentral;migrationStage=NotStarted Some updates remain.}
{"logTime": "0507/135446", "correlationVector":"BmDo5uihJr3EhQ7Y106yMi","action":"Initial GetUpdates", "result":"", "context":Reason: NEWLY_SUPPORTED_DATATYPE. cV=BmDo5uihJr3EhQ7Y106yMi}
{"logTime": "0507/135447", "correlationVector":"BmDo5uihJr3EhQ7Y106yMi.1","action":"SyncServerConnectionManagerRequest", "result":"SYNC_SERVER_OK", "context":{"environment":"Prod_francecentral_prod-s01-062-eur-francecentral", "migrationStage":"NotStarted", "server":"akswtt00700004e"}}
{"logTime": "0507/135447", "correlationVector":"BmDo5uihJr3EhQ7Y106yMi.2","action":"ProcessGetUpdates", "result":"Done", "context":{"dataType":"History", "deleted":"0", "process_failed_to_decrypt":"0", "process_pending_decryption":"0", "process_success":"250", "total":"250"}}
{"logTime": "0507/135447", "correlationVector":"BmDo5uihJr3EhQ7Y106yMi.3","action":"GetUpdates Response", "result":"Success", "context":Received 250 update(s). cV=BmDo5uihJr3EhQ7Y106yMi.0;server=akswtt00700004e;cloudType=Consumer;environment=Prod_francecentral_prod-s01-062-eur-francecentral;migrationStage=NotStarted Some updates remain.}
{"logTime": "0507/135447", "correlationVector":"DHO066dXJ0fy0gAj20HZCk","action":"Initial GetUpdates", "result":"", "context":Reason: NEWLY_SUPPORTED_DATATYPE. cV=DHO066dXJ0fy0gAj20HZCk}
{"logTime": "0507/135447", "correlationVector":"DHO066dXJ0fy0gAj20HZCk.1","action":"SyncServerConnectionManagerRequest", "result":"SYNC_SERVER_OK", "context":{"environment":"Prod_francecentral_prod-s01-062-eur-francecentral", "migrationStage":"NotStarted", "server":"akswtt00700004l"}}
{"logTime": "0507/135447", "correlationVector":"DHO066dXJ0fy0gAj20HZCk.2","action":"ProcessGetUpdates", "result":"Done", "context":{"dataType":"History", "deleted":"0", "process_failed_to_decrypt":"0", "process_pending_decryption":"0", "process_success":"250", "total":"250"}}
{"logTime": "0507/135447", "correlationVector":"DHO066dXJ0fy0gAj20HZCk.3","action":"GetUpdates Response", "result":"Success", "context":Received 250 update(s). cV=DHO066dXJ0fy0gAj20HZCk.0;server=akswtt00700004l;cloudType=Consumer;environment=Prod_francecentral_prod-s01-062-eur-francecentral;migrationStage=NotStarted Some updates remain.}
{"logTime": "0507/135447", "correlationVector":"fGc35krEbE+ltKj3fBeceG","action":"Initial GetUpdates", "result":"", "context":Reason: NEWLY_SUPPORTED_DATATYPE. cV=fGc35krEbE+ltKj3fBeceG}
{"logTime": "0507/135447", "correlationVector":"fGc35krEbE+ltKj3fBeceG.1","action":"SyncServerConnectionManagerRequest", "result":"SYNC_SERVER_OK", "context":{"environment":"Prod_francecentral_prod-s01-062-eur-francecentral", "migrationStage":"NotStarted", "server":"akswtt007000000"}}
{"logTime": "0507/135447", "correlationVector":"fGc35krEbE+ltKj3fBeceG.2","action":"ProcessGetUpdates", "result":"Done", "context":{"dataType":"History", "deleted":"0", "process_failed_to_decrypt":"0", "process_pending_decryption":"0", "process_success":"250", "total":"250"}}
{"logTime": "0507/135447", "correlationVector":"fGc35krEbE+ltKj3fBeceG.3","action":"GetUpdates Response", "result":"Success", "context":Received 250 update(s). cV=fGc35krEbE+ltKj3fBeceG.0;server=akswtt007000000;cloudType=Consumer;environment=Prod_francecentral_prod-s01-062-eur-francecentral;migrationStage=NotStarted Some updates remain.}
{"logTime": "0507/135447", "correlationVector":"6BG6g/yAl6IKKDVS7h7OGB","action":"Initial GetUpdates", "result":"", "context":Reason: NEWLY_SUPPORTED_DATATYPE. cV=6BG6g/yAl6IKKDVS7h7OGB}
{"logTime": "0507/135448", "correlationVector":"6BG6g/yAl6IKKDVS7h7OGB.1","action":"SyncServerConnectionManagerRequest", "result":"SYNC_SERVER_OK", "context":{"environment":"Prod_francecentral_prod-s01-062-eur-francecentral", "migrationStage":"NotStarted", "server":"akswtt00700003q"}}
{"logTime": "0507/135448", "correlationVector":"6BG6g/yAl6IKKDVS7h7OGB.2","action":"ProcessGetUpdates", "result":"Done", "context":{"dataType":"History", "deleted":"0", "process_failed_to_decrypt":"0", "process_pending_decryption":"0", "process_success":"250", "total":"250"}}
{"logTime": "0507/135448", "correlationVector":"6BG6g/yAl6IKKDVS7h7OGB.3","action":"GetUpdates Response", "result":"Success", "context":Received 250 update(s). cV=6BG6g/yAl6IKKDVS7h7OGB.0;server=akswtt00700003q;cloudType=Consumer;environment=Prod_francecentral_prod-s01-062-eur-francecentral;migrationStage=NotStarted Some updates remain.}
{"logTime": "0507/135448", "correlationVector":"j9NzVqYuyHxDfezsOLQJsI","action":"Initial GetUpdates", "result":"", "context":Reason: NEWLY_SUPPORTED_DATATYPE. cV=j9NzVqYuyHxDfezsOLQJsI}
{"logTime": "0507/135448", "correlationVector":"j9NzVqYuyHxDfezsOLQJsI.1","action":"SyncServerConnectionManagerRequest", "result":"SYNC_SERVER_OK", "context":{"environment":"Prod_francecentral_prod-s01-062-eur-francecentral", "migrationStage":"NotStarted", "server":"akswtt007000031"}}
{"logTime": "0507/135448", "correlationVector":"j9NzVqYuyHxDfezsOLQJsI.2","action":"ProcessGetUpdates", "result":"Done", "context":{"dataType":"History", "deleted":"0", "process_failed_to_decrypt":"0", "process_pending_decryption":"0", "process_success":"250", "total":"250"}}
{"logTime": "0507/135448", "correlationVector":"j9NzVqYuyHxDfezsOLQJsI.3","action":"GetUpdates Response", "result":"Success", "context":Received 250 update(s). cV=j9NzVqYuyHxDfezsOLQJsI.0;server=akswtt007000031;cloudType=Consumer;environment=Prod_francecentral_prod-s01-062-eur-francecentral;migrationStage=NotStarted Some updates remain.}
{"logTime": "0507/135448", "correlationVector":"OsRrlKXF78f3GIw/A+/Z6I","action":"Initial GetUpdates", "result":"", "context":Reason: NEWLY_SUPPORTED_DATATYPE. cV=OsRrlKXF78f3GIw/A+/Z6I}
{"logTime": "0507/135449", "correlationVector":"OsRrlKXF78f3GIw/A+/Z6I.1","action":"SyncServerConnectionManagerRequest", "result":"SYNC_SERVER_OK", "context":{"environment":"Prod_francecentral_prod-s01-062-eur-francecentral", "migrationStage":"NotStarted", "server":"akswtt007000003"}}
{"logTime": "0507/135449", "correlationVector":"OsRrlKXF78f3GIw/A+/Z6I.2","action":"ProcessGetUpdates", "result":"Done", "context":{"dataType":"History", "deleted":"0", "process_failed_to_decrypt":"0", "process_pending_decryption":"0", "process_success":"250", "total":"250"}}
{"logTime": "0507/135449", "correlationVector":"OsRrlKXF78f3GIw/A+/Z6I.3","action":"GetUpdates Response", "result":"Success", "context":Received 250 update(s). cV=OsRrlKXF78f3GIw/A+/Z6I.0;server=akswtt007000003;cloudType=Consumer;environment=Prod_francecentral_prod-s01-062-eur-francecentral;migrationStage=NotStarted Some updates remain.}
{"logTime": "0507/135449", "correlationVector":"bkOZpv4p1/g1NE2osAChYa","action":"Initial GetUpdates", "result":"", "context":Reason: NEWLY_SUPPORTED_DATATYPE. cV=bkOZpv4p1/g1NE2osAChYa}
{"logTime": "0507/135449", "correlationVector":"bkOZpv4p1/g1NE2osAChYa.1","action":"SyncServerConnectionManagerRequest", "result":"SYNC_SERVER_OK", "context":{"environment":"Prod_francecentral_prod-s01-062-eur-francecentral", "migrationStage":"NotStarted", "server":"akswtt007000003"}}
{"logTime": "0507/135449", "correlationVector":"bkOZpv4p1/g1NE2osAChYa.2","action":"ProcessGetUpdates", "result":"Done", "context":{"dataType":"History", "deleted":"0", "process_failed_to_decrypt":"0", "process_pending_decryption":"0", "process_success":"250", "total":"250"}}
{"logTime": "0507/135449", "correlationVector":"bkOZpv4p1/g1NE2osAChYa.3","action":"GetUpdates Response", "result":"Success", "context":Received 250 update(s). cV=bkOZpv4p1/g1NE2osAChYa.0;server=akswtt007000003;cloudType=Consumer;environment=Prod_francecentral_prod-s01-062-eur-francecentral;migrationStage=NotStarted Some updates remain.}
{"logTime": "0507/135449", "correlationVector":"Z+f7janR2MNGM+Jy1A/p6c","action":"Initial GetUpdates", "result":"", "context":Reason: NEWLY_SUPPORTED_DATATYPE. cV=Z+f7janR2MNGM+Jy1A/p6c}
{"logTime": "0507/135449", "correlationVector":"Z+f7janR2MNGM+Jy1A/p6c.1","action":"SyncServerConnectionManagerRequest", "result":"SYNC_SERVER_OK", "context":{"environment":"Prod_francecentral_prod-s01-062-eur-francecentral", "migrationStage":"NotStarted", "server":"akswtt00700002e"}}
{"logTime": "0507/135449", "correlationVector":"Z+f7janR2MNGM+Jy1A/p6c.2","action":"ProcessGetUpdates", "result":"Done", "context":{"dataType":"History", "deleted":"0", "process_failed_to_decrypt":"0", "process_pending_decryption":"0", "process_success":"250", "total":"250"}}
{"logTime": "0507/135449", "correlationVector":"Z+f7janR2MNGM+Jy1A/p6c.3","action":"GetUpdates Response", "result":"Success", "context":Received 250 update(s). cV=Z+f7janR2MNGM+Jy1A/p6c.0;server=akswtt00700002e;cloudType=Consumer;environment=Prod_francecentral_prod-s01-062-eur-francecentral;migrationStage=NotStarted Some updates remain.}
{"logTime": "0507/135449", "correlationVector":"UUV/Zug+FO8PY308BqIrAU","action":"Initial GetUpdates", "result":"", "context":Reason: NEWLY_SUPPORTED_DATATYPE. cV=UUV/Zug+FO8PY308BqIrAU}
{"logTime": "0507/135450", "correlationVector":"UUV/Zug+FO8PY308BqIrAU.1","action":"SyncServerConnectionManagerRequest", "result":"SYNC_SERVER_OK", "context":{"environment":"Prod_francecentral_prod-s01-062-eur-francecentral", "migrationStage":"NotStarted", "server":"akswtt00700003a"}}
{"logTime": "0507/135450", "correlationVector":"UUV/Zug+FO8PY308BqIrAU.2","action":"ProcessGetUpdates", "result":"Done", "context":{"dataType":"History", "deleted":"0", "process_failed_to_decrypt":"0", "process_pending_decryption":"0", "process_success":"250", "total":"250"}}
{"logTime": "0507/135450", "correlationVector":"UUV/Zug+FO8PY308BqIrAU.3","action":"GetUpdates Response", "result":"Success", "context":Received 250 update(s). cV=UUV/Zug+FO8PY308BqIrAU.0;server=akswtt00700003a;cloudType=Consumer;environment=Prod_francecentral_prod-s01-062-eur-francecentral;migrationStage=NotStarted Some updates remain.}
{"logTime": "0507/135450", "correlationVector":"Hw+/eRyDmmXw7RpKWxINFY","action":"Initial GetUpdates", "result":"", "context":Reason: NEWLY_SUPPORTED_DATATYPE. cV=Hw+/eRyDmmXw7RpKWxINFY}
{"logTime": "0507/135450", "correlationVector":"Hw+/eRyDmmXw7RpKWxINFY.1","action":"SyncServerConnectionManagerRequest", "result":"SYNC_SERVER_OK", "context":{"environment":"Prod_francecentral_prod-s01-062-eur-francecentral", "migrationStage":"NotStarted", "server":"akswtt00700004l"}}
{"logTime": "0507/135450", "correlationVector":"Hw+/eRyDmmXw7RpKWxINFY.2","action":"ProcessGetUpdates", "result":"Done", "context":{"dataType":"History", "deleted":"0", "process_failed_to_decrypt":"0", "process_pending_decryption":"0", "process_success":"250", "total":"250"}}
{"logTime": "0507/135450", "correlationVector":"Hw+/eRyDmmXw7RpKWxINFY.3","action":"GetUpdates Response", "result":"Success", "context":Received 250 update(s). cV=Hw+/eRyDmmXw7RpKWxINFY.0;server=akswtt00700004l;cloudType=Consumer;environment=Prod_francecentral_prod-s01-062-eur-francecentral;migrationStage=NotStarted Some updates remain.}
{"logTime": "0507/135450", "correlationVector":"CCmAkgt4KjwPccU/pp1jCH","action":"Initial GetUpdates", "result":"", "context":Reason: NEWLY_SUPPORTED_DATATYPE. cV=CCmAkgt4KjwPccU/pp1jCH}
{"logTime": "0507/135450", "correlationVector":"CCmAkgt4KjwPccU/pp1jCH.1","action":"SyncServerConnectionManagerRequest", "result":"SYNC_SERVER_OK", "context":{"environment":"Prod_francecentral_prod-s01-062-eur-francecentral", "migrationStage":"NotStarted", "server":"akswtt00700004l"}}
{"logTime": "0507/135450", "correlationVector":"CCmAkgt4KjwPccU/pp1jCH.2","action":"ProcessGetUpdates", "result":"Done", "context":{"dataType":"History", "deleted":"0", "process_failed_to_decrypt":"0", "process_pending_decryption":"0", "process_success":"250", "total":"250"}}
{"logTime": "0507/135450", "correlationVector":"CCmAkgt4KjwPccU/pp1jCH.3","action":"GetUpdates Response", "result":"Success", "context":Received 250 update(s). cV=CCmAkgt4KjwPccU/pp1jCH.0;server=akswtt00700004l;cloudType=Consumer;environment=Prod_francecentral_prod-s01-062-eur-francecentral;migrationStage=NotStarted Some updates remain.}
{"logTime": "0507/135450", "correlationVector":"v4x8AxVgaJaMClt64W8rQg","action":"Initial GetUpdates", "result":"", "context":Reason: NEWLY_SUPPORTED_DATATYPE. cV=v4x8AxVgaJaMClt64W8rQg}
{"logTime": "0507/135451", "correlationVector":"v4x8AxVgaJaMClt64W8rQg.1","action":"SyncServerConnectionManagerRequest", "result":"SYNC_SERVER_OK", "context":{"environment":"Prod_francecentral_prod-s01-062-eur-francecentral", "migrationStage":"NotStarted", "server":"akswtt007000019"}}
{"logTime": "0507/135451", "correlationVector":"v4x8AxVgaJaMClt64W8rQg.2","action":"ProcessGetUpdates", "result":"Done", "context":{"dataType":"History", "deleted":"0", "process_failed_to_decrypt":"0", "process_pending_decryption":"0", "process_success":"149", "total":"149"}}
{"logTime": "0507/135451", "correlationVector":"v4x8AxVgaJaMClt64W8rQg.3","action":"GetUpdates Response", "result":"Success", "context":Received 149 update(s). cV=v4x8AxVgaJaMClt64W8rQg.0;server=akswtt007000019;cloudType=Consumer;environment=Prod_francecentral_prod-s01-062-eur-francecentral;migrationStage=NotStarted}
{"logTime": "0507/135451", "correlationVector":"TX1AdOttceLPowcYbLDIeI","action":"Normal GetUpdate request", "result":"", "context":cV=TX1AdOttceLPowcYbLDIeI
Nudged types: Sessions, Device Info, User Consents, History
Refresh requested types: Bookmarks, Preferences, Passwords, Autofill Profiles, Autofill, Extensions, Sessions, Extension settings, History Delete Directives, Device Info, User Consents, Send Tab To Self, Web Apps, History, Saved Tab Group, Collection, Edge E Drop, Edge Hub App Usage, Edge Tab Group, Edge Wallet, Encryption Keys}
{"logTime": "0507/135451", "correlationVector":"TX1AdOttceLPowcYbLDIeI.1","action":"SyncServerConnectionManagerRequest", "result":"SYNC_SERVER_OK", "context":{"environment":"Prod_francecentral_prod-s01-062-eur-francecentral", "migrationStage":"NotStarted", "server":"akswtt00700002e"}}
{"logTime": "0507/135451", "correlationVector":"TX1AdOttceLPowcYbLDIeI.2","action":"ProcessGetUpdates", "result":"Done", "context":{"dataType":"Sessions", "deleted":"3", "process_failed_to_decrypt":"0", "process_pending_decryption":"0", "process_success":"3", "total":"3"}}
{"logTime": "0507/135451", "correlationVector":"TX1AdOttceLPowcYbLDIeI.3","action":"GetUpdates Response", "result":"Success", "context":Received 3 update(s). cV=TX1AdOttceLPowcYbLDIeI.0;server=akswtt00700002e;cloudType=Consumer;environment=Prod_francecentral_prod-s01-062-eur-francecentral;migrationStage=NotStarted}
{"logTime": "0507/135451", "correlationVector":"SN99Ev5863QwC7u6MtJONW","action":"Commit Request", "result":"", "context":Item count: 8
Contributing types: Sessions, Device Info, User Consents, History}
{"logTime": "0507/135452", "correlationVector":"SN99Ev5863QwC7u6MtJONW.1","action":"SyncServerConnectionManagerRequest", "result":"SYNC_SERVER_OK", "context":{"environment":"Prod_francecentral_prod-s01-062-eur-francecentral", "migrationStage":"NotStarted", "server":"akswtt00700002e"}}
{"logTime": "0507/135452", "correlationVector":"SN99Ev5863QwC7u6MtJONW.2","action":"Commit Response", "result":"Success", "context":Result: Success. cV=SN99Ev5863QwC7u6MtJONW.0;server=akswtt00700002e;cloudType=Consumer;environment=Prod_francecentral_prod-s01-062-eur-francecentral;migrationStage=NotStarted}
{"logTime": "0507/140015", "correlationVector":"lhG/lEB7ZjJTGRbHVhKgjQ.1","action":"SyncServerConnectionManagerRequest", "result":"SYNC_SERVER_OK", "context":{"environment":"Prod_francecentral_prod-s01-062-eur-francecentral", "migrationStage":"NotStarted", "server":"akswtt007000026"}}
{"logTime": "0507/140015", "correlationVector":"lhG/lEB7ZjJTGRbHVhKgjQ.2","action":"ProcessGetUpdates", "result":"Done", "context":{"dataType":"Encryption Keys", "deleted":"0", "process_failed_to_decrypt":"0", "process_pending_decryption":"0", "process_success":"1", "total":"1"}}
{"logTime": "0507/140015", "correlationVector":"PxbDgBlE4pa1x67W5aXHlQ","action":"SyncServerConnectionManagerRequest", "result":"SYNC_SERVER_OK", "context":{"environment":"", "migrationStage":"", "server":""}}
{"logTime": "0507/140015", "correlationVector":"PxbDgBlE4pa1x67W5aXHlQ.0","action":"EncryptionKeysFetcher.DownloadKeys:", "result":"Success", "context":Key count: 10, Last key timestamp: 2024-11-22T15:28:14Z}
{"logTime": "0507/140015", "correlationVector":"PxbDgBlE4pa1x67W5aXHlQ.1","action":"EncryptionKeysManager::SetEncryptionKeys:", "result":"Success", "context":Key names[10]:[EnWNwOBoU+Sfm4IVu5k24mwBp0pXFNhaEMNB4v0g/w9iYu/3Y8XK/f9xbmL53sUrsnFKLA27/LtHUJbUBYW0+A==][5id8N8R/LJd9+0RPIWnZROE4aBwxr8AiBDnXuwrZIPBbFymX2Gk3xWN9M2D10N26FboukZjj+rUSTyNvuadHDA==][kExjvGTyGrwBfsDWn0F6vOSmbEENiZQBRS70pPNIFRX++U+U6wr2lFi2UbviYmVTaCsj8CFDvFUDiLkSMQOBjA==][YRHQq+cTPQlRxpdGtFA34QpPpNE8crrvVaeVF63IJtmx7mNVpvXST/4hCWTzsWM5u7vyP6V04V1DOH0j0MY54Q==][GJSHS5tM9IhSoo5vAswfES0CycSGUgB9ClLpgTGUJgthsWi7UVYimz5b4MVLBbQPGT2kZAlQSRaxzLx8WmhLcQ==][aQ7FbTrayqjfjsooSHlPdHWTtohnXUS554ojJ85XNNeIiYIwkEXmU7s/7yA2N6IoZ2FNMHyyzhctTmDXTFSyeA==][U8+/lxNtYlJ96ixzxEQzy71KcYGUfcSBf72N6xuacEVLf/EYIxmaF3vzjVhn9Fm3jNNgxjR8oSKU8SOrdbHODg==][O+dVB7OC1sOT5a3TPSffPR93/RWDqtEeEA4orgI+c32FlFRlt6CjsAT7tMdYIe3PDp66Bg0GMXOesZOsEnuiuw==][dNzEmUQrxb7puR1v2hk1QwbQZjYW998lH5wFrGxDuJHvuulDziyRZhXHRqLhWM4yK0O8C2aYhy6/LOgo1tzNEg==][rbcyWUUtBzL+WguBbm54umNhNP4gqhPIEbPCSBn0qHaxUpCCVsc30r0MKeHt2x9B31Uvv0/73wMvLDrn30VqmQ==]}
{"logTime": "0507/140015", "correlationVector":"PxbDgBlE4pa1x67W5aXHlQ.2","action":"EncryptionKeysManager::SetEncryptionKeysWithTimestamps:", "result":"Success", "context":Key timestamps[10]:[2020-10-24T09:31:09Z][2021-04-22T18:25:20Z][2021-10-19T21:33:58Z][2022-04-18T11:00:38Z][2022-10-15T18:09:43Z][2023-04-14T10:37:55Z][2023-10-11T13:50:57Z][2024-04-09T14:50:39Z][2024-10-06T18:24:13Z][2024-11-22T15:28:14Z]}
{"logTime": "0507/140015", "correlationVector":"lhG/lEB7ZjJTGRbHVhKgjQ","action":"Initial GetUpdates", "result":"", "context":Reason: NEW_CLIENT. cV=lhG/lEB7ZjJTGRbHVhKgjQ}
{"logTime": "0507/140015", "correlationVector":"lhG/lEB7ZjJTGRbHVhKgjQ.3","action":"GetUpdates Response", "result":"Success", "context":Received 1 update(s). cV=lhG/lEB7ZjJTGRbHVhKgjQ.0;server=akswtt007000026;cloudType=Consumer;environment=Prod_francecentral_prod-s01-062-eur-francecentral;migrationStage=NotStarted}
{"logTime": "0507/140015", "correlationVector":"gTTsbX+tsMhUUSzRsRNfEe","action":"Initial GetUpdates", "result":"", "context":Reason: NEWLY_SUPPORTED_DATATYPE. cV=gTTsbX+tsMhUUSzRsRNfEe}
{"logTime": "0507/140016", "correlationVector":"gTTsbX+tsMhUUSzRsRNfEe.1","action":"SyncServerConnectionManagerRequest", "result":"SYNC_SERVER_OK", "context":{"environment":"Prod_francecentral_prod-s01-062-eur-francecentral", "migrationStage":"NotStarted", "server":"akswtt00700001g"}}
{"logTime": "0507/140016", "correlationVector":"gTTsbX+tsMhUUSzRsRNfEe.2","action":"ProcessGetUpdates", "result":"Done", "context":{"dataType":"Passwords", "deleted":"28", "process_failed_to_decrypt":"0", "process_pending_decryption":"0", "process_success":"135", "total":"135"}}
{"logTime": "0507/140016", "correlationVector":"gTTsbX+tsMhUUSzRsRNfEe.3","action":"GetUpdates Response", "result":"Success", "context":Received 135 update(s). cV=gTTsbX+tsMhUUSzRsRNfEe.0;server=akswtt00700001g;cloudType=Consumer;environment=Prod_francecentral_prod-s01-062-eur-francecentral;migrationStage=NotStarted}
{"logTime": "0507/140016", "correlationVector":"VodP6ALFPKAc8LZwZqiNKA","action":"Normal GetUpdate request", "result":"", "context":cV=VodP6ALFPKAc8LZwZqiNKA
Nudged types: Sessions, History
Refresh requested types: Bookmarks, Preferences, Passwords, Autofill Profiles, Autofill, Extensions, Sessions, Extension settings, History Delete Directives, Device Info, User Consents, Send Tab To Self, Web Apps, History, Saved Tab Group, Collection, Edge E Drop, Edge Hub App Usage, Edge Tab Group, Edge Wallet, Encryption Keys}
{"logTime": "0507/140016", "correlationVector":"VodP6ALFPKAc8LZwZqiNKA.1","action":"SyncServerConnectionManagerRequest", "result":"SYNC_SERVER_OK", "context":{"environment":"Prod_francecentral_prod-s01-062-eur-francecentral", "migrationStage":"NotStarted", "server":"akswtt00700003p"}}
{"logTime": "0507/140016", "correlationVector":"VodP6ALFPKAc8LZwZqiNKA.2","action":"ProcessGetUpdates", "result":"Done", "context":{"dataType":"Sessions", "deleted":"0", "process_failed_to_decrypt":"0", "process_pending_decryption":"0", "process_success":"5", "total":"5"}}
{"logTime": "0507/140016", "correlationVector":"VodP6ALFPKAc8LZwZqiNKA.3","action":"ProcessGetUpdates", "result":"Done", "context":{"dataType":"Device Info", "deleted":"0", "process_failed_to_decrypt":"0", "process_pending_decryption":"0", "process_success":"2", "total":"2"}}
{"logTime": "0507/140016", "correlationVector":"VodP6ALFPKAc8LZwZqiNKA.4","action":"ProcessGetUpdates", "result":"Done", "context":{"dataType":"History", "deleted":"0", "process_failed_to_decrypt":"0", "process_pending_decryption":"0", "process_success":"5", "total":"5"}}
{"logTime": "0507/140016", "correlationVector":"VodP6ALFPKAc8LZwZqiNKA.5","action":"GetUpdates Response", "result":"Success", "context":Received 12 update(s). cV=VodP6ALFPKAc8LZwZqiNKA.0;server=akswtt00700003p;cloudType=Consumer;environment=Prod_francecentral_prod-s01-062-eur-francecentral;migrationStage=NotStarted}
{"logTime": "0507/140017", "correlationVector":"dr9MYLZlsRj7vHE8sUY7J1","action":"Commit Request", "result":"", "context":Item count: 4
Contributing types: Sessions, History}
{"logTime": "0507/140017", "correlationVector":"dr9MYLZlsRj7vHE8sUY7J1.1","action":"SyncServerConnectionManagerRequest", "result":"SYNC_SERVER_OK", "context":{"environment":"Prod_francecentral_prod-s01-062-eur-francecentral", "migrationStage":"NotStarted", "server":"akswtt00700000k"}}
{"logTime": "0507/140017", "correlationVector":"dr9MYLZlsRj7vHE8sUY7J1.2","action":"Commit Response", "result":"Success", "context":Result: Success. cV=dr9MYLZlsRj7vHE8sUY7J1.0;server=akswtt00700000k;cloudType=Consumer;environment=Prod_francecentral_prod-s01-062-eur-francecentral;migrationStage=NotStarted}
{"logTime": "0507/140017", "correlationVector":"dr9MYLZlsRj7vHE8sUY7J1.3","action":"Commit.Sessions", "result":"Success", "context":{"id":"db437752-567e-47b4-992f-30031ce73370", "isDeleted":"true", "size":"0", "version":"1746626092697"}}
{"logTime": "0507/140117", "correlationVector":"Ao/1bEenvGAC5ReZhkDnpn","action":"Commit Request", "result":"", "context":Item count: 5
Contributing types: Sessions, History}
{"logTime": "0507/140118", "correlationVector":"Ao/1bEenvGAC5ReZhkDnpn.1","action":"SyncServerConnectionManagerRequest", "result":"SYNC_SERVER_OK", "context":{"environment":"Prod_francecentral_prod-s01-062-eur-francecentral", "migrationStage":"NotStarted", "server":"akswtt007000047"}}
{"logTime": "0507/140118", "correlationVector":"Ao/1bEenvGAC5ReZhkDnpn.2","action":"Commit Response", "result":"Success", "context":Result: Success. cV=Ao/1bEenvGAC5ReZhkDnpn.0;server=akswtt007000047;cloudType=Consumer;environment=Prod_francecentral_prod-s01-062-eur-francecentral;migrationStage=NotStarted}
{"logTime": "0507/140358", "correlationVector":"Uhxa+P2uKcqTuLRH6f5t5u","action":"Commit Request", "result":"", "context":Item count: 3
Contributing types: Sessions, History}
{"logTime": "0507/140358", "correlationVector":"Uhxa+P2uKcqTuLRH6f5t5u.1","action":"SyncServerConnectionManagerRequest", "result":"SYNC_SERVER_OK", "context":{"environment":"Prod_francecentral_prod-s01-062-eur-francecentral", "migrationStage":"NotStarted", "server":"akswtt00700002l"}}
{"logTime": "0507/140358", "correlationVector":"Uhxa+P2uKcqTuLRH6f5t5u.2","action":"Commit Response", "result":"Success", "context":Result: Success. cV=Uhxa+P2uKcqTuLRH6f5t5u.0;server=akswtt00700002l;cloudType=Consumer;environment=Prod_francecentral_prod-s01-062-eur-francecentral;migrationStage=NotStarted}
{"logTime": "0507/140538", "correlationVector":"7FZzTqmDL3iOJ0xISq3TXA","action":"Commit Request", "result":"", "context":Item count: 1
Contributing types: Sessions}
{"logTime": "0507/140538", "correlationVector":"7FZzTqmDL3iOJ0xISq3TXA.1","action":"SyncServerConnectionManagerRequest", "result":"SYNC_SERVER_OK", "context":{"environment":"Prod_francecentral_prod-s01-062-eur-francecentral", "migrationStage":"NotStarted", "server":"akswtt00700000z"}}
{"logTime": "0507/140538", "correlationVector":"7FZzTqmDL3iOJ0xISq3TXA.2","action":"Commit Response", "result":"Success", "context":Result: Success. cV=7FZzTqmDL3iOJ0xISq3TXA.0;server=akswtt00700000z;cloudType=Consumer;environment=Prod_francecentral_prod-s01-062-eur-francecentral;migrationStage=NotStarted}
